#
# There is insufficient memory for the Java Runtime Environment to continue.
# Native memory allocation (malloc) failed to allocate 1048576 bytes for AllocateHeap
# Possible reasons:
#   The system is out of physical RAM or swap space
#   The process is running with CompressedOops enabled, and the Java Heap may be blocking the growth of the native heap
# Possible solutions:
#   Reduce memory load on the system
#   Increase physical memory or swap space
#   Check if swap backing store is full
#   Decrease Java heap size (-Xmx/-Xms)
#   Decrease number of Java threads
#   Decrease Java thread stack sizes (-Xss)
#   Set larger code cache with -XX:ReservedCodeCacheSize=
#   JVM is running with Unscaled Compressed Oops mode in which the Java heap is
#     placed in the first 4GB address space. The Java Heap base address is the
#     maximum limit for the native heap growth. Please use -XX:HeapBaseMinAddress
#     to set the Java Heap base and to place the Java Heap above 4GB virtual address.
# This output file may be truncated or incomplete.
#
#  Out of Memory Error (allocation.cpp:44), pid=11804, tid=6968
#
# JRE version: OpenJDK Runtime Environment Temurin-17.0.7+7 (17.0.7+7) (build 17.0.7+7)
# Java VM: OpenJDK 64-Bit Server VM Temurin-17.0.7+7 (17.0.7+7, mixed mode, emulated-client, tiered, compressed oops, compressed class ptrs, g1 gc, windows-amd64)
# No core dump will be written. Minidumps are not enabled by default on client versions of Windows
#

---------------  S U M M A R Y ------------

Command Line: -XX:+HeapDumpOnOutOfMemoryError -Xmx1024m -Dsts.lsp.client=vscode -Dsts.log.file=/dev/null -XX:TieredStopAtLevel=1 -Xlog:jni+resolve=off -Dspring.config.location=file:c:\Users\sopha\.vscode\extensions\vmware.vscode-spring-boot-1.48.0\language-server\BOOT-INF\classes\application.properties org.springframework.ide.vscode.boot.app.BootLanguageServerBootApp

Host: AMD Ryzen 5 4600H with Radeon Graphics         , 12 cores, 7G,  Windows 10 , 64 bit Build 19041 (10.0.19041.3155)
Time: Wed Aug 16 11:55:07 2023 SE Asia Standard Time elapsed time: 656.803768 seconds (0d 0h 10m 56s)

---------------  T H R E A D  ---------------

Current thread (0x000001d89c1fb360):  VMThread "VM Thread" [stack: 0x00000088af600000,0x00000088af700000] [id=6968]

Stack: [0x00000088af600000,0x00000088af700000]
Native frames: (J=compiled Java code, j=interpreted, Vv=VM code, C=native code)
V  [jvm.dll+0x67754a]
V  [jvm.dll+0x834304]
V  [jvm.dll+0x835aae]
V  [jvm.dll+0x836113]
V  [jvm.dll+0x24696f]
V  [jvm.dll+0xa681f]
V  [jvm.dll+0x2f73f3]
V  [jvm.dll+0x2f30f0]
V  [jvm.dll+0x2db6c7]
V  [jvm.dll+0x31e777]
V  [jvm.dll+0x83a5bb]
V  [jvm.dll+0x83b2f4]
V  [jvm.dll+0x83b80c]
V  [jvm.dll+0x83bbe4]
V  [jvm.dll+0x83bcb0]
V  [jvm.dll+0x7e4e7a]
V  [jvm.dll+0x676395]
C  [ucrtbase.dll+0x21bb2]
C  [KERNEL32.DLL+0x17614]
C  [ntdll.dll+0x526b1]

VM_Operation (0x00000088b10fef90): G1CollectFull, mode: safepoint, requested by thread 0x000001d8a1abe6a0


---------------  P R O C E S S  ---------------

Threads class SMR info:
_java_thread_list=0x000001d8a34088b0, length=24, elements={
0x000001d89c20f730, 0x000001d89c215750, 0x000001d89c247010, 0x000001d89c2498e0,
0x000001d89c35a0b0, 0x000001d89c35a970, 0x000001d89c35ba40, 0x000001d89c35c340,
0x000001d89c55d650, 0x000001d89c56bd50, 0x000001d8a1b39840, 0x000001d8a1ac3cf0,
0x000001d8a1abe6a0, 0x000001d8a1c7a100, 0x000001d891009650, 0x000001d8a1cc0fa0,
0x000001d8a1cefc20, 0x000001d8a1cf6050, 0x000001d8a1ec93a0, 0x000001d8a1ecb550,
0x000001d8a1ec8ed0, 0x000001d8a1b66870, 0x000001d8a1b65060, 0x000001d8a1b65530
}

Java Threads: ( => current thread )
  0x000001d89c20f730 JavaThread "Reference Handler" daemon [_thread_blocked, id=13068, stack(0x00000088af700000,0x00000088af800000)]
  0x000001d89c215750 JavaThread "Finalizer" daemon [_thread_blocked, id=26112, stack(0x00000088af800000,0x00000088af900000)]
  0x000001d89c247010 JavaThread "Signal Dispatcher" daemon [_thread_blocked, id=19712, stack(0x00000088af900000,0x00000088afa00000)]
  0x000001d89c2498e0 JavaThread "Attach Listener" daemon [_thread_blocked, id=3148, stack(0x00000088afa00000,0x00000088afb00000)]
  0x000001d89c35a0b0 JavaThread "Service Thread" daemon [_thread_blocked, id=10516, stack(0x00000088afb00000,0x00000088afc00000)]
  0x000001d89c35a970 JavaThread "Monitor Deflation Thread" daemon [_thread_blocked, id=13596, stack(0x00000088afc00000,0x00000088afd00000)]
  0x000001d89c35ba40 JavaThread "C1 CompilerThread0" daemon [_thread_blocked, id=18628, stack(0x00000088afd00000,0x00000088afe00000)]
  0x000001d89c35c340 JavaThread "Sweeper thread" daemon [_thread_blocked, id=23064, stack(0x00000088afe00000,0x00000088aff00000)]
  0x000001d89c55d650 JavaThread "Notification Thread" daemon [_thread_blocked, id=23876, stack(0x00000088b0000000,0x00000088b0100000)]
  0x000001d89c56bd50 JavaThread "Common-Cleaner" daemon [_thread_blocked, id=24648, stack(0x00000088b0200000,0x00000088b0300000)]
  0x000001d8a1b39840 JavaThread "boundedElastic-evictor-1" daemon [_thread_blocked, id=26368, stack(0x00000088b0a00000,0x00000088b0b00000)]
  0x000001d8a1ac3cf0 JavaThread "boundedElastic-evictor-2" daemon [_thread_blocked, id=28308, stack(0x00000088b0f00000,0x00000088b1000000)]
  0x000001d8a1abe6a0 JavaThread "pool-11-thread-1" [_thread_blocked, id=9944, stack(0x00000088b1000000,0x00000088b1100000)]
  0x000001d8a1c7a100 JavaThread "LanguageServerApp-lifecycle" [_thread_blocked, id=10024, stack(0x00000088b1100000,0x00000088b1200000)]
  0x000001d891009650 JavaThread "DestroyJavaVM" [_thread_blocked, id=10440, stack(0x00000088af000000,0x00000088af100000)]
  0x000001d8a1cc0fa0 JavaThread "pool-12-thread-1" [_thread_in_native, id=27944, stack(0x00000088b1200000,0x00000088b1300000)]
  0x000001d8a1cefc20 JavaThread "Simple-Language-Server main thread" daemon [_thread_blocked, id=2484, stack(0x00000088b1300000,0x00000088b1400000)]
  0x000001d8a1cf6050 JavaThread "pool-7-thread-1" [_thread_blocked, id=28336, stack(0x00000088b1400000,0x00000088b1500000)]
  0x000001d8a1ec93a0 JavaThread "parallel-1" daemon [_thread_blocked, id=17436, stack(0x00000088b2900000,0x00000088b2a00000)]
  0x000001d8a1ecb550 JavaThread "pool-5-thread-1" [_thread_blocked, id=7792, stack(0x00000088b2d00000,0x00000088b2e00000)]
  0x000001d8a1ec8ed0 JavaThread "parallel-2" daemon [_thread_blocked, id=25508, stack(0x00000088b2e00000,0x00000088b2f00000)]
  0x000001d8a1b66870 JavaThread "parallel-3" daemon [_thread_blocked, id=1844, stack(0x00000088b1700000,0x00000088b1800000)]
  0x000001d8a1b65060 JavaThread "parallel-4" daemon [_thread_blocked, id=4552, stack(0x00000088b1800000,0x00000088b1900000)]
  0x000001d8a1b65530 JavaThread "Reconciler-1" daemon [_thread_blocked, id=26020, stack(0x00000088b1900000,0x00000088b1a00000)]

Other Threads:
=>0x000001d89c1fb360 VMThread "VM Thread" [stack: 0x00000088af600000,0x00000088af700000] [id=6968]
  0x000001d89c55fb30 WatcherThread [stack: 0x00000088b0100000,0x00000088b0200000] [id=12800]
  0x000001d891049f50 GCTaskThread "GC Thread#0" [stack: 0x00000088af100000,0x00000088af200000] [id=20676]
  0x000001d89cec6780 GCTaskThread "GC Thread#1" [stack: 0x00000088b0300000,0x00000088b0400000] [id=16056]
  0x000001d89cf4e8d0 GCTaskThread "GC Thread#2" [stack: 0x00000088b0400000,0x00000088b0500000] [id=22148]
  0x000001d8a116c520 GCTaskThread "GC Thread#3" [stack: 0x00000088b0500000,0x00000088b0600000] [id=5348]
  0x000001d8a13f1040 GCTaskThread "GC Thread#4" [stack: 0x00000088b0600000,0x00000088b0700000] [id=9788]
  0x000001d8a13f5300 GCTaskThread "GC Thread#5" [stack: 0x00000088b0700000,0x00000088b0800000] [id=28180]
  0x000001d8a13f5dc0 GCTaskThread "GC Thread#6" [stack: 0x00000088b0800000,0x00000088b0900000] [id=4752]
  0x000001d8a13f6890 GCTaskThread "GC Thread#7" [stack: 0x00000088b0900000,0x00000088b0a00000] [id=24132]
  0x000001d8a16310c0 GCTaskThread "GC Thread#8" [stack: 0x00000088b0b00000,0x00000088b0c00000] [id=20632]
  0x000001d8a1608040 GCTaskThread "GC Thread#9" [stack: 0x00000088b0c00000,0x00000088b0d00000] [id=15612]
  0x000001d891052da0 ConcurrentGCThread "G1 Main Marker" [stack: 0x00000088af200000,0x00000088af300000] [id=27860]
  0x000001d8910536c0 ConcurrentGCThread "G1 Conc#0" [stack: 0x00000088af300000,0x00000088af400000] [id=8612]
  0x000001d8a16082f0 ConcurrentGCThread "G1 Conc#1" [stack: 0x00000088b0d00000,0x00000088b0e00000] [id=20760]
  0x000001d8a16085a0 ConcurrentGCThread "G1 Conc#2" [stack: 0x00000088b0e00000,0x00000088b0f00000] [id=15676]
  0x000001d89c0640b0 ConcurrentGCThread "G1 Refine#0" [stack: 0x00000088af400000,0x00000088af500000] [id=12120]
  0x000001d8a278d470 ConcurrentGCThread "G1 Refine#1" [stack: 0x00000088b3100000,0x00000088b3200000] [id=10724]
  0x000001d8a278da30 ConcurrentGCThread "G1 Refine#2" [stack: 0x00000088b3600000,0x00000088b3700000] [id=15996]
  0x000001d8a278dd10 ConcurrentGCThread "G1 Refine#3" [stack: 0x00000088aff00000,0x00000088b0000000] [id=17516]
  0x000001d8a278c330 ConcurrentGCThread "G1 Refine#4" [stack: 0x00000088b3700000,0x00000088b3800000] [id=23768]
  0x000001d8a278d190 ConcurrentGCThread "G1 Refine#5" [stack: 0x00000088b3800000,0x00000088b3900000] [id=25368]
  0x000001d8a278c8f0 ConcurrentGCThread "G1 Refine#6" [stack: 0x00000088b3900000,0x00000088b3a00000] [id=20512]
  0x000001d8a2776bc0 ConcurrentGCThread "G1 Refine#7" [stack: 0x00000088b3a00000,0x00000088b3b00000] [id=22844]
  0x000001d89c0659f0 ConcurrentGCThread "G1 Service" [stack: 0x00000088af500000,0x00000088af600000] [id=11516]

Threads with active compile tasks:

VM state: at safepoint (normal execution)

VM Mutex/Monitor currently owned by a thread:  ([mutex/lock_event])
[0x000001d88ed66440] Threads_lock - owner thread: 0x000001d89c1fb360
[0x000001d8910079a0] Heap_lock - owner thread: 0x000001d8a1abe6a0

Heap address: 0x00000000c0000000, size: 1024 MB, Compressed Oops mode: 32-bit

CDS archive(s) not mapped
Compressed class space mapped at: 0x0000000100000000-0x0000000140000000, reserved size: 1073741824
Narrow klass base: 0x0000000000000000, Narrow klass shift: 3, Narrow klass range: 0x140000000

GC Precious Log:
 CPUs: 12 total, 12 available
 Memory: 7579M
 Large Page Support: Disabled
 NUMA Support: Disabled
 Compressed Oops: Enabled (32-bit)
 Heap Region Size: 1M
 Heap Min Capacity: 8M
 Heap Initial Capacity: 120M
 Heap Max Capacity: 1G
 Pre-touch: Disabled
 Parallel Workers: 10
 Concurrent Workers: 3
 Concurrent Refinement Workers: 10
 Periodic GC: Disabled

Heap:
 garbage-first heap   total 273408K, used 81885K [0x00000000c0000000, 0x0000000100000000)
  region size 1024K, 1 young (1024K), 0 survivors (0K)
 Metaspace       used 74657K, committed 75520K, reserved 1114112K
  class space    used 10211K, committed 10560K, reserved 1048576K

Heap Regions: E=young(eden), S=young(survivor), O=old, HS=humongous(starts), HC=humongous(continues), CS=collection set, F=free, OA=open archive, CA=closed archive, TAMS=top-at-mark-start (previous, next)
|   0|0x00000000c0000000, 0x00000000c0100000, 0x00000000c0100000|100%| O|  |TAMS 0x00000000c0100000, 0x00000000c0000000| Untracked 
|   1|0x00000000c0100000, 0x00000000c0200000, 0x00000000c0200000|100%| O|  |TAMS 0x00000000c0200000, 0x00000000c0100000| Untracked 
|   2|0x00000000c0200000, 0x00000000c0300000, 0x00000000c0300000|100%| O|  |TAMS 0x00000000c0300000, 0x00000000c0200000| Untracked 
|   3|0x00000000c0300000, 0x00000000c0400000, 0x00000000c0400000|100%| O|  |TAMS 0x00000000c0400000, 0x00000000c0300000| Untracked 
|   4|0x00000000c0400000, 0x00000000c0500000, 0x00000000c0500000|100%| O|  |TAMS 0x00000000c0500000, 0x00000000c0400000| Untracked 
|   5|0x00000000c0500000, 0x00000000c05ffff8, 0x00000000c0600000| 99%| O|  |TAMS 0x00000000c05ffff8, 0x00000000c0500000| Untracked 
|   6|0x00000000c0600000, 0x00000000c0700000, 0x00000000c0700000|100%| O|  |TAMS 0x00000000c0700000, 0x00000000c0600000| Untracked 
|   7|0x00000000c0700000, 0x00000000c07fffa8, 0x00000000c0800000| 99%| O|  |TAMS 0x00000000c07fffa8, 0x00000000c0700000| Untracked 
|   8|0x00000000c0800000, 0x00000000c08fffe8, 0x00000000c0900000| 99%| O|  |TAMS 0x00000000c08fffe8, 0x00000000c0800000| Untracked 
|   9|0x00000000c0900000, 0x00000000c09ff7f8, 0x00000000c0a00000| 99%| O|  |TAMS 0x00000000c09ff7f8, 0x00000000c0900000| Untracked 
|  10|0x00000000c0a00000, 0x00000000c0affff8, 0x00000000c0b00000| 99%| O|  |TAMS 0x00000000c0affff8, 0x00000000c0a00000| Untracked 
|  11|0x00000000c0b00000, 0x00000000c0bfffe0, 0x00000000c0c00000| 99%| O|  |TAMS 0x00000000c0bfffe0, 0x00000000c0b00000| Untracked 
|  12|0x00000000c0c00000, 0x00000000c0cfffb8, 0x00000000c0d00000| 99%| O|  |TAMS 0x00000000c0cfffb8, 0x00000000c0c00000| Untracked 
|  13|0x00000000c0d00000, 0x00000000c0dffff8, 0x00000000c0e00000| 99%| O|  |TAMS 0x00000000c0dffff8, 0x00000000c0d00000| Untracked 
|  14|0x00000000c0e00000, 0x00000000c0efffd0, 0x00000000c0f00000| 99%| O|  |TAMS 0x00000000c0efffd0, 0x00000000c0e00000| Untracked 
|  15|0x00000000c0f00000, 0x00000000c0ffffc0, 0x00000000c1000000| 99%| O|  |TAMS 0x00000000c0ffffc0, 0x00000000c0f00000| Untracked 
|  16|0x00000000c1000000, 0x00000000c1100000, 0x00000000c1100000|100%| O|  |TAMS 0x00000000c1100000, 0x00000000c1000000| Untracked 
|  17|0x00000000c1100000, 0x00000000c11ffff8, 0x00000000c1200000| 99%| O|  |TAMS 0x00000000c11ffff8, 0x00000000c1100000| Untracked 
|  18|0x00000000c1200000, 0x00000000c12ffff0, 0x00000000c1300000| 99%| O|  |TAMS 0x00000000c12ffff0, 0x00000000c1200000| Untracked 
|  19|0x00000000c1300000, 0x00000000c13ffff0, 0x00000000c1400000| 99%| O|  |TAMS 0x00000000c13ffff0, 0x00000000c1300000| Untracked 
|  20|0x00000000c1400000, 0x00000000c1500000, 0x00000000c1500000|100%| O|  |TAMS 0x00000000c1500000, 0x00000000c1400000| Untracked 
|  21|0x00000000c1500000, 0x00000000c15fffd8, 0x00000000c1600000| 99%| O|  |TAMS 0x00000000c15fffd8, 0x00000000c1500000| Untracked 
|  22|0x00000000c1600000, 0x00000000c16fffc8, 0x00000000c1700000| 99%| O|  |TAMS 0x00000000c16fffc8, 0x00000000c1600000| Untracked 
|  23|0x00000000c1700000, 0x00000000c17fffc8, 0x00000000c1800000| 99%| O|  |TAMS 0x00000000c17fffc8, 0x00000000c1700000| Untracked 
|  24|0x00000000c1800000, 0x00000000c18f95a8, 0x00000000c1900000| 97%| O|  |TAMS 0x00000000c18f95a8, 0x00000000c1800000| Untracked 
|  25|0x00000000c1900000, 0x00000000c1a00000, 0x00000000c1a00000|100%| O|  |TAMS 0x00000000c1a00000, 0x00000000c1900000| Untracked 
|  26|0x00000000c1a00000, 0x00000000c1af1330, 0x00000000c1b00000| 94%| O|  |TAMS 0x00000000c1a00000, 0x00000000c1a00000| Untracked 
|  27|0x00000000c1b00000, 0x00000000c1bffff8, 0x00000000c1c00000| 99%| O|  |TAMS 0x00000000c1bffff8, 0x00000000c1b00000| Untracked 
|  28|0x00000000c1c00000, 0x00000000c1cfffe0, 0x00000000c1d00000| 99%| O|  |TAMS 0x00000000c1cfffe0, 0x00000000c1c00000| Untracked 
|  29|0x00000000c1d00000, 0x00000000c1dfffe0, 0x00000000c1e00000| 99%| O|  |TAMS 0x00000000c1dfffe0, 0x00000000c1d00000| Untracked 
|  30|0x00000000c1e00000, 0x00000000c1efffc0, 0x00000000c1f00000| 99%| O|  |TAMS 0x00000000c1efffc0, 0x00000000c1e00000| Untracked 
|  31|0x00000000c1f00000, 0x00000000c1ffffe0, 0x00000000c2000000| 99%| O|  |TAMS 0x00000000c1ffffe0, 0x00000000c1f00000| Untracked 
|  32|0x00000000c2000000, 0x00000000c20ffff0, 0x00000000c2100000| 99%| O|  |TAMS 0x00000000c20ffff0, 0x00000000c2000000| Untracked 
|  33|0x00000000c2100000, 0x00000000c21ffff8, 0x00000000c2200000| 99%| O|  |TAMS 0x00000000c21ffff8, 0x00000000c2100000| Untracked 
|  34|0x00000000c2200000, 0x00000000c22ffff8, 0x00000000c2300000| 99%| O|  |TAMS 0x00000000c22ffff8, 0x00000000c2200000| Untracked 
|  35|0x00000000c2300000, 0x00000000c23ffff8, 0x00000000c2400000| 99%| O|  |TAMS 0x00000000c23ffff8, 0x00000000c2300000| Untracked 
|  36|0x00000000c2400000, 0x00000000c24ffff0, 0x00000000c2500000| 99%| O|  |TAMS 0x00000000c24ffff0, 0x00000000c2400000| Untracked 
|  37|0x00000000c2500000, 0x00000000c25fffe0, 0x00000000c2600000| 99%| O|  |TAMS 0x00000000c25fffe0, 0x00000000c2500000| Untracked 
|  38|0x00000000c2600000, 0x00000000c26fc1f0, 0x00000000c2700000| 98%| O|  |TAMS 0x00000000c26fc1f0, 0x00000000c2600000| Untracked 
|  39|0x00000000c2700000, 0x00000000c27fffb8, 0x00000000c2800000| 99%| O|  |TAMS 0x00000000c27fffb8, 0x00000000c2700000| Untracked 
|  40|0x00000000c2800000, 0x00000000c28fbf88, 0x00000000c2900000| 98%| O|  |TAMS 0x00000000c28fbf88, 0x00000000c2800000| Untracked 
|  41|0x00000000c2900000, 0x00000000c29fffe8, 0x00000000c2a00000| 99%| O|  |TAMS 0x00000000c29fffe8, 0x00000000c2900000| Untracked 
|  42|0x00000000c2a00000, 0x00000000c2afffa0, 0x00000000c2b00000| 99%| O|  |TAMS 0x00000000c2afffa0, 0x00000000c2a00000| Untracked 
|  43|0x00000000c2b00000, 0x00000000c2bfee48, 0x00000000c2c00000| 99%| O|  |TAMS 0x00000000c2bfee48, 0x00000000c2b00000| Untracked 
|  44|0x00000000c2c00000, 0x00000000c2d00000, 0x00000000c2d00000|100%| O|  |TAMS 0x00000000c2d00000, 0x00000000c2c00000| Untracked 
|  45|0x00000000c2d00000, 0x00000000c2dffff0, 0x00000000c2e00000| 99%| O|  |TAMS 0x00000000c2dffff0, 0x00000000c2d00000| Untracked 
|  46|0x00000000c2e00000, 0x00000000c2eea330, 0x00000000c2f00000| 91%| O|  |TAMS 0x00000000c2e00000, 0x00000000c2e00000| Untracked 
|  47|0x00000000c2f00000, 0x00000000c2fffff0, 0x00000000c3000000| 99%| O|  |TAMS 0x00000000c2fffff0, 0x00000000c2f00000| Untracked 
|  48|0x00000000c3000000, 0x00000000c30fffe0, 0x00000000c3100000| 99%| O|  |TAMS 0x00000000c30fffe0, 0x00000000c3000000| Untracked 
|  49|0x00000000c3100000, 0x00000000c3200000, 0x00000000c3200000|100%| O|  |TAMS 0x00000000c3200000, 0x00000000c3100000| Untracked 
|  50|0x00000000c3200000, 0x00000000c32b4b48, 0x00000000c3300000| 70%| O|  |TAMS 0x00000000c3200000, 0x00000000c3200000| Untracked 
|  51|0x00000000c3300000, 0x00000000c33a09e0, 0x00000000c3400000| 62%| O|  |TAMS 0x00000000c3300000, 0x00000000c3300000| Untracked 
|  52|0x00000000c3400000, 0x00000000c34d7390, 0x00000000c3500000| 84%| O|  |TAMS 0x00000000c3400000, 0x00000000c3400000| Untracked 
|  53|0x00000000c3500000, 0x00000000c3500000, 0x00000000c3600000|  0%| F|  |TAMS 0x00000000c3500000, 0x00000000c3500000| Untracked 
|  54|0x00000000c3600000, 0x00000000c3600000, 0x00000000c3700000|  0%| F|  |TAMS 0x00000000c3600000, 0x00000000c3600000| Untracked 
|  55|0x00000000c3700000, 0x00000000c37fffe8, 0x00000000c3800000| 99%| O|  |TAMS 0x00000000c37fffe8, 0x00000000c3700000| Untracked 
|  56|0x00000000c3800000, 0x00000000c38fffd8, 0x00000000c3900000| 99%| O|  |TAMS 0x00000000c38fffd8, 0x00000000c3800000| Untracked 
|  57|0x00000000c3900000, 0x00000000c3900000, 0x00000000c3a00000|  0%| F|  |TAMS 0x00000000c3900000, 0x00000000c3900000| Untracked 
|  58|0x00000000c3a00000, 0x00000000c3afffe0, 0x00000000c3b00000| 99%| O|  |TAMS 0x00000000c3afffe0, 0x00000000c3a00000| Untracked 
|  59|0x00000000c3b00000, 0x00000000c3bfffe0, 0x00000000c3c00000| 99%| O|  |TAMS 0x00000000c3bfffe0, 0x00000000c3b00000| Untracked 
|  60|0x00000000c3c00000, 0x00000000c3c00000, 0x00000000c3d00000|  0%| F|  |TAMS 0x00000000c3c00000, 0x00000000c3c00000| Untracked 
|  61|0x00000000c3d00000, 0x00000000c3d00000, 0x00000000c3e00000|  0%| F|  |TAMS 0x00000000c3d00000, 0x00000000c3d00000| Untracked 
|  62|0x00000000c3e00000, 0x00000000c3e00000, 0x00000000c3f00000|  0%| F|  |TAMS 0x00000000c3e00000, 0x00000000c3e00000| Untracked 
|  63|0x00000000c3f00000, 0x00000000c3f00000, 0x00000000c4000000|  0%| F|  |TAMS 0x00000000c3f00000, 0x00000000c3f00000| Untracked 
|  64|0x00000000c4000000, 0x00000000c4000000, 0x00000000c4100000|  0%| F|  |TAMS 0x00000000c4000000, 0x00000000c4000000| Untracked 
|  65|0x00000000c4100000, 0x00000000c4100000, 0x00000000c4200000|  0%| F|  |TAMS 0x00000000c4100000, 0x00000000c4100000| Untracked 
|  66|0x00000000c4200000, 0x00000000c4200000, 0x00000000c4300000|  0%| F|  |TAMS 0x00000000c4200000, 0x00000000c4200000| Untracked 
|  67|0x00000000c4300000, 0x00000000c4300000, 0x00000000c4400000|  0%| F|  |TAMS 0x00000000c4300000, 0x00000000c4300000| Untracked 
|  68|0x00000000c4400000, 0x00000000c4400000, 0x00000000c4500000|  0%| F|  |TAMS 0x00000000c4400000, 0x00000000c4400000| Untracked 
|  69|0x00000000c4500000, 0x00000000c45ffff8, 0x00000000c4600000| 99%| O|  |TAMS 0x00000000c45ffff8, 0x00000000c4500000| Untracked 
|  70|0x00000000c4600000, 0x00000000c4700000, 0x00000000c4700000|100%| O|  |TAMS 0x00000000c4700000, 0x00000000c4600000| Untracked 
|  71|0x00000000c4700000, 0x00000000c4700000, 0x00000000c4800000|  0%| F|  |TAMS 0x00000000c4700000, 0x00000000c4700000| Untracked 
|  72|0x00000000c4800000, 0x00000000c4800000, 0x00000000c4900000|  0%| F|  |TAMS 0x00000000c4800000, 0x00000000c4800000| Untracked 
|  73|0x00000000c4900000, 0x00000000c4900000, 0x00000000c4a00000|  0%| F|  |TAMS 0x00000000c4900000, 0x00000000c4900000| Untracked 
|  74|0x00000000c4a00000, 0x00000000c4a00000, 0x00000000c4b00000|  0%| F|  |TAMS 0x00000000c4a00000, 0x00000000c4a00000| Untracked 
|  75|0x00000000c4b00000, 0x00000000c4b00000, 0x00000000c4c00000|  0%| F|  |TAMS 0x00000000c4b00000, 0x00000000c4b00000| Untracked 
|  76|0x00000000c4c00000, 0x00000000c4c00000, 0x00000000c4d00000|  0%| F|  |TAMS 0x00000000c4c00000, 0x00000000c4c00000| Untracked 
|  77|0x00000000c4d00000, 0x00000000c4d00000, 0x00000000c4e00000|  0%| F|  |TAMS 0x00000000c4d00000, 0x00000000c4d00000| Untracked 
|  78|0x00000000c4e00000, 0x00000000c4e00000, 0x00000000c4f00000|  0%| F|  |TAMS 0x00000000c4e00000, 0x00000000c4e00000| Untracked 
|  79|0x00000000c4f00000, 0x00000000c4f00000, 0x00000000c5000000|  0%| F|  |TAMS 0x00000000c4f00000, 0x00000000c4f00000| Untracked 
|  80|0x00000000c5000000, 0x00000000c5000000, 0x00000000c5100000|  0%| F|  |TAMS 0x00000000c5000000, 0x00000000c5000000| Untracked 
|  81|0x00000000c5100000, 0x00000000c5100000, 0x00000000c5200000|  0%| F|  |TAMS 0x00000000c5100000, 0x00000000c5100000| Untracked 
|  82|0x00000000c5200000, 0x00000000c52ffff0, 0x00000000c5300000| 99%| O|  |TAMS 0x00000000c52ffff0, 0x00000000c5200000| Untracked 
|  83|0x00000000c5300000, 0x00000000c53fffd0, 0x00000000c5400000| 99%| O|  |TAMS 0x00000000c53fffd0, 0x00000000c5300000| Untracked 
|  84|0x00000000c5400000, 0x00000000c54fffe8, 0x00000000c5500000| 99%| O|  |TAMS 0x00000000c54fffe8, 0x00000000c5400000| Untracked 
|  85|0x00000000c5500000, 0x00000000c5500000, 0x00000000c5600000|  0%| F|  |TAMS 0x00000000c5500000, 0x00000000c5500000| Untracked 
|  86|0x00000000c5600000, 0x00000000c5600000, 0x00000000c5700000|  0%| F|  |TAMS 0x00000000c5600000, 0x00000000c5600000| Untracked 
|  87|0x00000000c5700000, 0x00000000c57fffe8, 0x00000000c5800000| 99%| O|  |TAMS 0x00000000c57fffe8, 0x00000000c5700000| Untracked 
|  88|0x00000000c5800000, 0x00000000c5800000, 0x00000000c5900000|  0%| F|  |TAMS 0x00000000c5800000, 0x00000000c5800000| Untracked 
|  89|0x00000000c5900000, 0x00000000c59fffd8, 0x00000000c5a00000| 99%| O|  |TAMS 0x00000000c59fffd8, 0x00000000c5900000| Untracked 
|  90|0x00000000c5a00000, 0x00000000c5a00000, 0x00000000c5b00000|  0%| F|  |TAMS 0x00000000c5a00000, 0x00000000c5a00000| Untracked 
|  91|0x00000000c5b00000, 0x00000000c5bfffc8, 0x00000000c5c00000| 99%| O|  |TAMS 0x00000000c5bfffc8, 0x00000000c5b00000| Untracked 
|  92|0x00000000c5c00000, 0x00000000c5c00000, 0x00000000c5d00000|  0%| F|  |TAMS 0x00000000c5c00000, 0x00000000c5c00000| Untracked 
|  93|0x00000000c5d00000, 0x00000000c5d00000, 0x00000000c5e00000|  0%| F|  |TAMS 0x00000000c5d00000, 0x00000000c5d00000| Untracked 
|  94|0x00000000c5e00000, 0x00000000c5e00000, 0x00000000c5f00000|  0%| F|  |TAMS 0x00000000c5e00000, 0x00000000c5e00000| Untracked 
|  95|0x00000000c5f00000, 0x00000000c5ffffe8, 0x00000000c6000000| 99%| O|  |TAMS 0x00000000c5ffffe8, 0x00000000c5f00000| Untracked 
|  96|0x00000000c6000000, 0x00000000c6000000, 0x00000000c6100000|  0%| F|  |TAMS 0x00000000c6000000, 0x00000000c6000000| Untracked 
|  97|0x00000000c6100000, 0x00000000c6100000, 0x00000000c6200000|  0%| F|  |TAMS 0x00000000c6100000, 0x00000000c6100000| Untracked 
|  98|0x00000000c6200000, 0x00000000c62fff60, 0x00000000c6300000| 99%| O|  |TAMS 0x00000000c62fff60, 0x00000000c6200000| Untracked 
|  99|0x00000000c6300000, 0x00000000c6300000, 0x00000000c6400000|  0%| F|  |TAMS 0x00000000c6300000, 0x00000000c6300000| Untracked 
| 100|0x00000000c6400000, 0x00000000c6400000, 0x00000000c6500000|  0%| F|  |TAMS 0x00000000c6400000, 0x00000000c6400000| Untracked 
| 101|0x00000000c6500000, 0x00000000c6500000, 0x00000000c6600000|  0%| F|  |TAMS 0x00000000c6500000, 0x00000000c6500000| Untracked 
| 102|0x00000000c6600000, 0x00000000c6600000, 0x00000000c6700000|  0%| F|  |TAMS 0x00000000c6600000, 0x00000000c6600000| Untracked 
| 103|0x00000000c6700000, 0x00000000c6700000, 0x00000000c6800000|  0%| F|  |TAMS 0x00000000c6700000, 0x00000000c6700000| Untracked 
| 104|0x00000000c6800000, 0x00000000c6800000, 0x00000000c6900000|  0%| F|  |TAMS 0x00000000c6800000, 0x00000000c6800000| Untracked 
| 105|0x00000000c6900000, 0x00000000c6900000, 0x00000000c6a00000|  0%| F|  |TAMS 0x00000000c6900000, 0x00000000c6900000| Untracked 
| 106|0x00000000c6a00000, 0x00000000c6a00000, 0x00000000c6b00000|  0%| F|  |TAMS 0x00000000c6a00000, 0x00000000c6a00000| Untracked 
| 107|0x00000000c6b00000, 0x00000000c6b00000, 0x00000000c6c00000|  0%| F|  |TAMS 0x00000000c6b00000, 0x00000000c6b00000| Untracked 
| 108|0x00000000c6c00000, 0x00000000c6c00000, 0x00000000c6d00000|  0%| F|  |TAMS 0x00000000c6c00000, 0x00000000c6c00000| Untracked 
| 109|0x00000000c6d00000, 0x00000000c6d00000, 0x00000000c6e00000|  0%| F|  |TAMS 0x00000000c6d00000, 0x00000000c6d00000| Untracked 
| 110|0x00000000c6e00000, 0x00000000c6e00000, 0x00000000c6f00000|  0%| F|  |TAMS 0x00000000c6e00000, 0x00000000c6e00000| Untracked 
| 111|0x00000000c6f00000, 0x00000000c6f00000, 0x00000000c7000000|  0%| F|  |TAMS 0x00000000c6f00000, 0x00000000c6f00000| Untracked 
| 112|0x00000000c7000000, 0x00000000c7000000, 0x00000000c7100000|  0%| F|  |TAMS 0x00000000c7000000, 0x00000000c7000000| Untracked 
| 113|0x00000000c7100000, 0x00000000c7100000, 0x00000000c7200000|  0%| F|  |TAMS 0x00000000c7100000, 0x00000000c7100000| Untracked 
| 114|0x00000000c7200000, 0x00000000c7200000, 0x00000000c7300000|  0%| F|  |TAMS 0x00000000c7200000, 0x00000000c7200000| Untracked 
| 115|0x00000000c7300000, 0x00000000c73fffe8, 0x00000000c7400000| 99%| O|  |TAMS 0x00000000c73fffe8, 0x00000000c7300000| Untracked 
| 116|0x00000000c7400000, 0x00000000c7400000, 0x00000000c7500000|  0%| F|  |TAMS 0x00000000c7400000, 0x00000000c7400000| Untracked 
| 117|0x00000000c7500000, 0x00000000c7500000, 0x00000000c7600000|  0%| F|  |TAMS 0x00000000c7500000, 0x00000000c7500000| Untracked 
| 118|0x00000000c7600000, 0x00000000c7600000, 0x00000000c7700000|  0%| F|  |TAMS 0x00000000c7600000, 0x00000000c7600000| Untracked 
| 119|0x00000000c7700000, 0x00000000c7700000, 0x00000000c7800000|  0%| F|  |TAMS 0x00000000c7700000, 0x00000000c7700000| Untracked 
| 120|0x00000000c7800000, 0x00000000c7800000, 0x00000000c7900000|  0%| F|  |TAMS 0x00000000c7800000, 0x00000000c7800000| Untracked 
| 121|0x00000000c7900000, 0x00000000c7900000, 0x00000000c7a00000|  0%| F|  |TAMS 0x00000000c7900000, 0x00000000c7900000| Untracked 
| 122|0x00000000c7a00000, 0x00000000c7a00000, 0x00000000c7b00000|  0%| F|  |TAMS 0x00000000c7a00000, 0x00000000c7a00000| Untracked 
| 123|0x00000000c7b00000, 0x00000000c7b00000, 0x00000000c7c00000|  0%| F|  |TAMS 0x00000000c7b00000, 0x00000000c7b00000| Untracked 
| 124|0x00000000c7c00000, 0x00000000c7c00000, 0x00000000c7d00000|  0%| F|  |TAMS 0x00000000c7c00000, 0x00000000c7c00000| Untracked 
| 125|0x00000000c7d00000, 0x00000000c7d00000, 0x00000000c7e00000|  0%| F|  |TAMS 0x00000000c7d00000, 0x00000000c7d00000| Untracked 
| 126|0x00000000c7e00000, 0x00000000c7e00000, 0x00000000c7f00000|  0%| F|  |TAMS 0x00000000c7e00000, 0x00000000c7e00000| Untracked 
| 127|0x00000000c7f00000, 0x00000000c7f00000, 0x00000000c8000000|  0%| F|  |TAMS 0x00000000c7f00000, 0x00000000c7f00000| Untracked 
| 128|0x00000000c8000000, 0x00000000c8000000, 0x00000000c8100000|  0%| F|  |TAMS 0x00000000c8000000, 0x00000000c8000000| Untracked 
| 129|0x00000000c8100000, 0x00000000c81fffd0, 0x00000000c8200000| 99%| O|  |TAMS 0x00000000c81fffd0, 0x00000000c8100000| Untracked 
| 130|0x00000000c8200000, 0x00000000c8200000, 0x00000000c8300000|  0%| F|  |TAMS 0x00000000c8200000, 0x00000000c8200000| Untracked 
| 131|0x00000000c8300000, 0x00000000c8300000, 0x00000000c8400000|  0%| F|  |TAMS 0x00000000c8300000, 0x00000000c8300000| Untracked 
| 132|0x00000000c8400000, 0x00000000c8400000, 0x00000000c8500000|  0%| F|  |TAMS 0x00000000c8400000, 0x00000000c8400000| Untracked 
| 133|0x00000000c8500000, 0x00000000c8500000, 0x00000000c8600000|  0%| F|  |TAMS 0x00000000c8500000, 0x00000000c8500000| Untracked 
| 134|0x00000000c8600000, 0x00000000c8600000, 0x00000000c8700000|  0%| F|  |TAMS 0x00000000c8600000, 0x00000000c8600000| Untracked 
| 135|0x00000000c8700000, 0x00000000c8700000, 0x00000000c8800000|  0%| F|  |TAMS 0x00000000c8700000, 0x00000000c8700000| Untracked 
| 136|0x00000000c8800000, 0x00000000c8800000, 0x00000000c8900000|  0%| F|  |TAMS 0x00000000c8800000, 0x00000000c8800000| Untracked 
| 137|0x00000000c8900000, 0x00000000c8900000, 0x00000000c8a00000|  0%| F|  |TAMS 0x00000000c8900000, 0x00000000c8900000| Untracked 
| 138|0x00000000c8a00000, 0x00000000c8a00000, 0x00000000c8b00000|  0%| F|  |TAMS 0x00000000c8a00000, 0x00000000c8a00000| Untracked 
| 139|0x00000000c8b00000, 0x00000000c8b00000, 0x00000000c8c00000|  0%| F|  |TAMS 0x00000000c8b00000, 0x00000000c8b00000| Untracked 
| 140|0x00000000c8c00000, 0x00000000c8c00000, 0x00000000c8d00000|  0%| F|  |TAMS 0x00000000c8c00000, 0x00000000c8c00000| Untracked 
| 141|0x00000000c8d00000, 0x00000000c8d00000, 0x00000000c8e00000|  0%| F|  |TAMS 0x00000000c8d00000, 0x00000000c8d00000| Untracked 
| 142|0x00000000c8e00000, 0x00000000c8e00000, 0x00000000c8f00000|  0%| F|  |TAMS 0x00000000c8e00000, 0x00000000c8e00000| Untracked 
| 143|0x00000000c8f00000, 0x00000000c8f00000, 0x00000000c9000000|  0%| F|  |TAMS 0x00000000c8f00000, 0x00000000c8f00000| Untracked 
| 144|0x00000000c9000000, 0x00000000c9000000, 0x00000000c9100000|  0%| F|  |TAMS 0x00000000c9000000, 0x00000000c9000000| Untracked 
| 145|0x00000000c9100000, 0x00000000c9100000, 0x00000000c9200000|  0%| F|  |TAMS 0x00000000c9100000, 0x00000000c9100000| Untracked 
| 146|0x00000000c9200000, 0x00000000c9200000, 0x00000000c9300000|  0%| F|  |TAMS 0x00000000c9200000, 0x00000000c9200000| Untracked 
| 147|0x00000000c9300000, 0x00000000c9300000, 0x00000000c9400000|  0%| F|  |TAMS 0x00000000c9300000, 0x00000000c9300000| Untracked 
| 148|0x00000000c9400000, 0x00000000c9400000, 0x00000000c9500000|  0%| F|  |TAMS 0x00000000c9400000, 0x00000000c9400000| Untracked 
| 149|0x00000000c9500000, 0x00000000c9500000, 0x00000000c9600000|  0%| F|  |TAMS 0x00000000c9500000, 0x00000000c9500000| Untracked 
| 150|0x00000000c9600000, 0x00000000c9600000, 0x00000000c9700000|  0%| F|  |TAMS 0x00000000c9600000, 0x00000000c9600000| Untracked 
| 151|0x00000000c9700000, 0x00000000c9700000, 0x00000000c9800000|  0%| F|  |TAMS 0x00000000c9700000, 0x00000000c9700000| Untracked 
| 152|0x00000000c9800000, 0x00000000c9800000, 0x00000000c9900000|  0%| F|  |TAMS 0x00000000c9800000, 0x00000000c9800000| Untracked 
| 153|0x00000000c9900000, 0x00000000c9900000, 0x00000000c9a00000|  0%| F|  |TAMS 0x00000000c9900000, 0x00000000c9900000| Untracked 
| 154|0x00000000c9a00000, 0x00000000c9a00000, 0x00000000c9b00000|  0%| F|  |TAMS 0x00000000c9a00000, 0x00000000c9a00000| Untracked 
| 155|0x00000000c9b00000, 0x00000000c9b00000, 0x00000000c9c00000|  0%| F|  |TAMS 0x00000000c9b00000, 0x00000000c9b00000| Untracked 
| 156|0x00000000c9c00000, 0x00000000c9c00000, 0x00000000c9d00000|  0%| F|  |TAMS 0x00000000c9c00000, 0x00000000c9c00000| Untracked 
| 157|0x00000000c9d00000, 0x00000000c9d00000, 0x00000000c9e00000|  0%| F|  |TAMS 0x00000000c9d00000, 0x00000000c9d00000| Untracked 
| 158|0x00000000c9e00000, 0x00000000c9e00000, 0x00000000c9f00000|  0%| F|  |TAMS 0x00000000c9e00000, 0x00000000c9e00000| Untracked 
| 159|0x00000000c9f00000, 0x00000000c9f00000, 0x00000000ca000000|  0%| F|  |TAMS 0x00000000c9f00000, 0x00000000c9f00000| Untracked 
| 160|0x00000000ca000000, 0x00000000ca000000, 0x00000000ca100000|  0%| F|  |TAMS 0x00000000ca000000, 0x00000000ca000000| Untracked 
| 161|0x00000000ca100000, 0x00000000ca100000, 0x00000000ca200000|  0%| F|  |TAMS 0x00000000ca100000, 0x00000000ca100000| Untracked 
| 162|0x00000000ca200000, 0x00000000ca200000, 0x00000000ca300000|  0%| F|  |TAMS 0x00000000ca200000, 0x00000000ca200000| Untracked 
| 163|0x00000000ca300000, 0x00000000ca300000, 0x00000000ca400000|  0%| F|  |TAMS 0x00000000ca300000, 0x00000000ca300000| Untracked 
| 164|0x00000000ca400000, 0x00000000ca400000, 0x00000000ca500000|  0%| F|  |TAMS 0x00000000ca400000, 0x00000000ca400000| Untracked 
| 165|0x00000000ca500000, 0x00000000ca500000, 0x00000000ca600000|  0%| F|  |TAMS 0x00000000ca500000, 0x00000000ca500000| Untracked 
| 166|0x00000000ca600000, 0x00000000ca600000, 0x00000000ca700000|  0%| F|  |TAMS 0x00000000ca600000, 0x00000000ca600000| Untracked 
| 167|0x00000000ca700000, 0x00000000ca700000, 0x00000000ca800000|  0%| F|  |TAMS 0x00000000ca700000, 0x00000000ca700000| Untracked 
| 168|0x00000000ca800000, 0x00000000ca800000, 0x00000000ca900000|  0%| F|  |TAMS 0x00000000ca800000, 0x00000000ca800000| Untracked 
| 169|0x00000000ca900000, 0x00000000ca900000, 0x00000000caa00000|  0%| F|  |TAMS 0x00000000ca900000, 0x00000000ca900000| Untracked 
| 170|0x00000000caa00000, 0x00000000caa00000, 0x00000000cab00000|  0%| F|  |TAMS 0x00000000caa00000, 0x00000000caa00000| Untracked 
| 171|0x00000000cab00000, 0x00000000cab00000, 0x00000000cac00000|  0%| F|  |TAMS 0x00000000cab00000, 0x00000000cab00000| Untracked 
| 172|0x00000000cac00000, 0x00000000cac00000, 0x00000000cad00000|  0%| F|  |TAMS 0x00000000cac00000, 0x00000000cac00000| Untracked 
| 173|0x00000000cad00000, 0x00000000cad00000, 0x00000000cae00000|  0%| F|  |TAMS 0x00000000cad00000, 0x00000000cad00000| Untracked 
| 174|0x00000000cae00000, 0x00000000cae00000, 0x00000000caf00000|  0%| F|  |TAMS 0x00000000cae00000, 0x00000000cae00000| Untracked 
| 175|0x00000000caf00000, 0x00000000caf00000, 0x00000000cb000000|  0%| F|  |TAMS 0x00000000caf00000, 0x00000000caf00000| Untracked 
| 176|0x00000000cb000000, 0x00000000cb000000, 0x00000000cb100000|  0%| F|  |TAMS 0x00000000cb000000, 0x00000000cb000000| Untracked 
| 177|0x00000000cb100000, 0x00000000cb100000, 0x00000000cb200000|  0%| F|  |TAMS 0x00000000cb100000, 0x00000000cb100000| Untracked 
| 178|0x00000000cb200000, 0x00000000cb200000, 0x00000000cb300000|  0%| F|  |TAMS 0x00000000cb200000, 0x00000000cb200000| Untracked 
| 179|0x00000000cb300000, 0x00000000cb300000, 0x00000000cb400000|  0%| F|  |TAMS 0x00000000cb300000, 0x00000000cb300000| Untracked 
| 180|0x00000000cb400000, 0x00000000cb400000, 0x00000000cb500000|  0%| F|  |TAMS 0x00000000cb400000, 0x00000000cb400000| Untracked 
| 181|0x00000000cb500000, 0x00000000cb500000, 0x00000000cb600000|  0%| F|  |TAMS 0x00000000cb500000, 0x00000000cb500000| Untracked 
| 182|0x00000000cb600000, 0x00000000cb600000, 0x00000000cb700000|  0%| F|  |TAMS 0x00000000cb600000, 0x00000000cb600000| Untracked 
| 183|0x00000000cb700000, 0x00000000cb700000, 0x00000000cb800000|  0%| F|  |TAMS 0x00000000cb700000, 0x00000000cb700000| Untracked 
| 184|0x00000000cb800000, 0x00000000cb800000, 0x00000000cb900000|  0%| F|  |TAMS 0x00000000cb800000, 0x00000000cb800000| Untracked 
| 185|0x00000000cb900000, 0x00000000cb900000, 0x00000000cba00000|  0%| F|  |TAMS 0x00000000cb900000, 0x00000000cb900000| Untracked 
| 186|0x00000000cba00000, 0x00000000cba00000, 0x00000000cbb00000|  0%| F|  |TAMS 0x00000000cba00000, 0x00000000cba00000| Untracked 
| 187|0x00000000cbb00000, 0x00000000cbb00000, 0x00000000cbc00000|  0%| F|  |TAMS 0x00000000cbb00000, 0x00000000cbb00000| Untracked 
| 188|0x00000000cbc00000, 0x00000000cbc00000, 0x00000000cbd00000|  0%| F|  |TAMS 0x00000000cbc00000, 0x00000000cbc00000| Untracked 
| 189|0x00000000cbd00000, 0x00000000cbd00000, 0x00000000cbe00000|  0%| F|  |TAMS 0x00000000cbd00000, 0x00000000cbd00000| Untracked 
| 190|0x00000000cbe00000, 0x00000000cbe00000, 0x00000000cbf00000|  0%| F|  |TAMS 0x00000000cbe00000, 0x00000000cbe00000| Untracked 
| 191|0x00000000cbf00000, 0x00000000cbf00000, 0x00000000cc000000|  0%| F|  |TAMS 0x00000000cbf00000, 0x00000000cbf00000| Untracked 
| 192|0x00000000cc000000, 0x00000000cc000000, 0x00000000cc100000|  0%| F|  |TAMS 0x00000000cc000000, 0x00000000cc000000| Untracked 
| 193|0x00000000cc100000, 0x00000000cc100000, 0x00000000cc200000|  0%| F|  |TAMS 0x00000000cc100000, 0x00000000cc100000| Untracked 
| 194|0x00000000cc200000, 0x00000000cc200000, 0x00000000cc300000|  0%| F|  |TAMS 0x00000000cc200000, 0x00000000cc200000| Untracked 
| 195|0x00000000cc300000, 0x00000000cc400000, 0x00000000cc400000|100%| O|  |TAMS 0x00000000cc400000, 0x00000000cc300000| Untracked 
| 196|0x00000000cc400000, 0x00000000cc400000, 0x00000000cc500000|  0%| F|  |TAMS 0x00000000cc400000, 0x00000000cc400000| Untracked 
| 197|0x00000000cc500000, 0x00000000cc500000, 0x00000000cc600000|  0%| F|  |TAMS 0x00000000cc500000, 0x00000000cc500000| Untracked 
| 198|0x00000000cc600000, 0x00000000cc600000, 0x00000000cc700000|  0%| F|  |TAMS 0x00000000cc600000, 0x00000000cc600000| Untracked 
| 199|0x00000000cc700000, 0x00000000cc700000, 0x00000000cc800000|  0%| F|  |TAMS 0x00000000cc700000, 0x00000000cc700000| Untracked 
| 200|0x00000000cc800000, 0x00000000cc800000, 0x00000000cc900000|  0%| F|  |TAMS 0x00000000cc800000, 0x00000000cc800000| Untracked 
| 201|0x00000000cc900000, 0x00000000cc900000, 0x00000000cca00000|  0%| F|  |TAMS 0x00000000cc900000, 0x00000000cc900000| Untracked 
| 202|0x00000000cca00000, 0x00000000cca00000, 0x00000000ccb00000|  0%| F|  |TAMS 0x00000000cca00000, 0x00000000cca00000| Untracked 
| 203|0x00000000ccb00000, 0x00000000ccb00000, 0x00000000ccc00000|  0%| F|  |TAMS 0x00000000ccb00000, 0x00000000ccb00000| Untracked 
| 204|0x00000000ccc00000, 0x00000000ccc00000, 0x00000000ccd00000|  0%| F|  |TAMS 0x00000000ccc00000, 0x00000000ccc00000| Untracked 
| 205|0x00000000ccd00000, 0x00000000ccd00000, 0x00000000cce00000|  0%| F|  |TAMS 0x00000000ccd00000, 0x00000000ccd00000| Untracked 
| 206|0x00000000cce00000, 0x00000000cce00000, 0x00000000ccf00000|  0%| F|  |TAMS 0x00000000cce00000, 0x00000000cce00000| Untracked 
| 207|0x00000000ccf00000, 0x00000000ccf00000, 0x00000000cd000000|  0%| F|  |TAMS 0x00000000ccf00000, 0x00000000ccf00000| Untracked 
| 208|0x00000000cd000000, 0x00000000cd000000, 0x00000000cd100000|  0%| F|  |TAMS 0x00000000cd000000, 0x00000000cd000000| Untracked 
| 209|0x00000000cd100000, 0x00000000cd100000, 0x00000000cd200000|  0%| F|  |TAMS 0x00000000cd100000, 0x00000000cd100000| Untracked 
| 210|0x00000000cd200000, 0x00000000cd200000, 0x00000000cd300000|  0%| F|  |TAMS 0x00000000cd200000, 0x00000000cd200000| Untracked 
| 211|0x00000000cd300000, 0x00000000cd300000, 0x00000000cd400000|  0%| F|  |TAMS 0x00000000cd300000, 0x00000000cd300000| Untracked 
| 212|0x00000000cd400000, 0x00000000cd400000, 0x00000000cd500000|  0%| F|  |TAMS 0x00000000cd400000, 0x00000000cd400000| Untracked 
| 213|0x00000000cd500000, 0x00000000cd500000, 0x00000000cd600000|  0%| F|  |TAMS 0x00000000cd500000, 0x00000000cd500000| Untracked 
| 214|0x00000000cd600000, 0x00000000cd600000, 0x00000000cd700000|  0%| F|  |TAMS 0x00000000cd600000, 0x00000000cd600000| Untracked 
| 215|0x00000000cd700000, 0x00000000cd700000, 0x00000000cd800000|  0%| F|  |TAMS 0x00000000cd700000, 0x00000000cd700000| Untracked 
| 216|0x00000000cd800000, 0x00000000cd800000, 0x00000000cd900000|  0%| F|  |TAMS 0x00000000cd800000, 0x00000000cd800000| Untracked 
| 217|0x00000000cd900000, 0x00000000cd900000, 0x00000000cda00000|  0%| F|  |TAMS 0x00000000cd900000, 0x00000000cd900000| Untracked 
| 218|0x00000000cda00000, 0x00000000cda00000, 0x00000000cdb00000|  0%| F|  |TAMS 0x00000000cda00000, 0x00000000cda00000| Untracked 
| 219|0x00000000cdb00000, 0x00000000cdb00000, 0x00000000cdc00000|  0%| F|  |TAMS 0x00000000cdb00000, 0x00000000cdb00000| Untracked 
| 220|0x00000000cdc00000, 0x00000000cdc00000, 0x00000000cdd00000|  0%| F|  |TAMS 0x00000000cdc00000, 0x00000000cdc00000| Untracked 
| 221|0x00000000cdd00000, 0x00000000cdd00000, 0x00000000cde00000|  0%| F|  |TAMS 0x00000000cdd00000, 0x00000000cdd00000| Untracked 
| 222|0x00000000cde00000, 0x00000000cde00000, 0x00000000cdf00000|  0%| F|  |TAMS 0x00000000cde00000, 0x00000000cde00000| Untracked 
| 223|0x00000000cdf00000, 0x00000000cdf00000, 0x00000000ce000000|  0%| F|  |TAMS 0x00000000cdf00000, 0x00000000cdf00000| Untracked 
| 224|0x00000000ce000000, 0x00000000ce000000, 0x00000000ce100000|  0%| F|  |TAMS 0x00000000ce000000, 0x00000000ce000000| Untracked 
| 225|0x00000000ce100000, 0x00000000ce100000, 0x00000000ce200000|  0%| F|  |TAMS 0x00000000ce100000, 0x00000000ce100000| Untracked 
| 226|0x00000000ce200000, 0x00000000ce200000, 0x00000000ce300000|  0%| F|  |TAMS 0x00000000ce200000, 0x00000000ce200000| Untracked 
| 227|0x00000000ce300000, 0x00000000ce300000, 0x00000000ce400000|  0%| F|  |TAMS 0x00000000ce300000, 0x00000000ce300000| Untracked 
| 228|0x00000000ce400000, 0x00000000ce400000, 0x00000000ce500000|  0%| F|  |TAMS 0x00000000ce400000, 0x00000000ce400000| Untracked 
| 229|0x00000000ce500000, 0x00000000ce500000, 0x00000000ce600000|  0%| F|  |TAMS 0x00000000ce500000, 0x00000000ce500000| Untracked 
| 230|0x00000000ce600000, 0x00000000ce600000, 0x00000000ce700000|  0%| F|  |TAMS 0x00000000ce600000, 0x00000000ce600000| Untracked 
| 231|0x00000000ce700000, 0x00000000ce700000, 0x00000000ce800000|  0%| F|  |TAMS 0x00000000ce700000, 0x00000000ce700000| Untracked 
| 232|0x00000000ce800000, 0x00000000ce800000, 0x00000000ce900000|  0%| F|  |TAMS 0x00000000ce800000, 0x00000000ce800000| Untracked 
| 233|0x00000000ce900000, 0x00000000ce900000, 0x00000000cea00000|  0%| F|  |TAMS 0x00000000ce900000, 0x00000000ce900000| Untracked 
| 234|0x00000000cea00000, 0x00000000cea00000, 0x00000000ceb00000|  0%| F|  |TAMS 0x00000000cea00000, 0x00000000cea00000| Untracked 
| 235|0x00000000ceb00000, 0x00000000ceb00000, 0x00000000cec00000|  0%| F|  |TAMS 0x00000000ceb00000, 0x00000000ceb00000| Untracked 
| 236|0x00000000cec00000, 0x00000000cec00000, 0x00000000ced00000|  0%| F|  |TAMS 0x00000000cec00000, 0x00000000cec00000| Untracked 
| 237|0x00000000ced00000, 0x00000000ced00000, 0x00000000cee00000|  0%| F|  |TAMS 0x00000000ced00000, 0x00000000ced00000| Untracked 
| 238|0x00000000cee00000, 0x00000000cee00000, 0x00000000cef00000|  0%| F|  |TAMS 0x00000000cee00000, 0x00000000cee00000| Untracked 
| 239|0x00000000cef00000, 0x00000000cef00000, 0x00000000cf000000|  0%| F|  |TAMS 0x00000000cef00000, 0x00000000cef00000| Untracked 
| 240|0x00000000cf000000, 0x00000000cf000000, 0x00000000cf100000|  0%| F|  |TAMS 0x00000000cf000000, 0x00000000cf000000| Untracked 
| 241|0x00000000cf100000, 0x00000000cf100000, 0x00000000cf200000|  0%| F|  |TAMS 0x00000000cf100000, 0x00000000cf100000| Untracked 
| 242|0x00000000cf200000, 0x00000000cf200000, 0x00000000cf300000|  0%| F|  |TAMS 0x00000000cf200000, 0x00000000cf200000| Untracked 
| 243|0x00000000cf300000, 0x00000000cf300000, 0x00000000cf400000|  0%| F|  |TAMS 0x00000000cf300000, 0x00000000cf300000| Untracked 
| 244|0x00000000cf400000, 0x00000000cf400000, 0x00000000cf500000|  0%| F|  |TAMS 0x00000000cf400000, 0x00000000cf400000| Untracked 
| 245|0x00000000cf500000, 0x00000000cf500000, 0x00000000cf600000|  0%| F|  |TAMS 0x00000000cf500000, 0x00000000cf500000| Untracked 
| 246|0x00000000cf600000, 0x00000000cf600000, 0x00000000cf700000|  0%| F|  |TAMS 0x00000000cf600000, 0x00000000cf600000| Untracked 
| 247|0x00000000cf700000, 0x00000000cf700000, 0x00000000cf800000|  0%| F|  |TAMS 0x00000000cf700000, 0x00000000cf700000| Untracked 
| 248|0x00000000cf800000, 0x00000000cf800000, 0x00000000cf900000|  0%| F|  |TAMS 0x00000000cf800000, 0x00000000cf800000| Untracked 
| 249|0x00000000cf900000, 0x00000000cf900000, 0x00000000cfa00000|  0%| F|  |TAMS 0x00000000cf900000, 0x00000000cf900000| Untracked 
| 250|0x00000000cfa00000, 0x00000000cfa00000, 0x00000000cfb00000|  0%| F|  |TAMS 0x00000000cfa00000, 0x00000000cfa00000| Untracked 
| 251|0x00000000cfb00000, 0x00000000cfb00000, 0x00000000cfc00000|  0%| F|  |TAMS 0x00000000cfb00000, 0x00000000cfb00000| Untracked 
| 252|0x00000000cfc00000, 0x00000000cfc00000, 0x00000000cfd00000|  0%| F|  |TAMS 0x00000000cfc00000, 0x00000000cfc00000| Untracked 
| 253|0x00000000cfd00000, 0x00000000cfd00000, 0x00000000cfe00000|  0%| F|  |TAMS 0x00000000cfd00000, 0x00000000cfd00000| Untracked 
| 254|0x00000000cfe00000, 0x00000000cfe00000, 0x00000000cff00000|  0%| F|  |TAMS 0x00000000cfe00000, 0x00000000cfe00000| Untracked 
| 255|0x00000000cff00000, 0x00000000cff414c8, 0x00000000d0000000| 25%| E|  |TAMS 0x00000000cff00000, 0x00000000cff00000| Complete 
| 443|0x00000000dbb00000, 0x00000000dbc00000, 0x00000000dbc00000|100%| O|  |TAMS 0x00000000dbc00000, 0x00000000dbb00000| Untracked 
| 444|0x00000000dbc00000, 0x00000000dbd00000, 0x00000000dbd00000|100%|HS|  |TAMS 0x00000000dbd00000, 0x00000000dbc00000| Untracked 
| 445|0x00000000dbd00000, 0x00000000dbe00000, 0x00000000dbe00000|100%|HC|  |TAMS 0x00000000dbe00000, 0x00000000dbd00000| Untracked 
| 446|0x00000000dbe00000, 0x00000000dbf00000, 0x00000000dbf00000|100%|HC|  |TAMS 0x00000000dbf00000, 0x00000000dbe00000| Untracked 
| 472|0x00000000dd800000, 0x00000000dd900000, 0x00000000dd900000|100%| O|  |TAMS 0x00000000dd900000, 0x00000000dd800000| Untracked 
| 473|0x00000000dd900000, 0x00000000dda00000, 0x00000000dda00000|100%| O|  |TAMS 0x00000000dda00000, 0x00000000dd900000| Untracked 
| 474|0x00000000dda00000, 0x00000000ddb00000, 0x00000000ddb00000|100%| O|  |TAMS 0x00000000ddb00000, 0x00000000dda00000| Untracked 
| 475|0x00000000ddb00000, 0x00000000ddc00000, 0x00000000ddc00000|100%| O|  |TAMS 0x00000000ddc00000, 0x00000000ddb00000| Untracked 
| 482|0x00000000de200000, 0x00000000de300000, 0x00000000de300000|100%| O|  |TAMS 0x00000000de300000, 0x00000000de200000| Untracked 
| 483|0x00000000de300000, 0x00000000de400000, 0x00000000de400000|100%| O|  |TAMS 0x00000000de400000, 0x00000000de300000| Untracked 
| 617|0x00000000e6900000, 0x00000000e6a00000, 0x00000000e6a00000|100%| O|  |TAMS 0x00000000e6a00000, 0x00000000e6900000| Untracked 

Card table byte_map: [0x000001d8971b0000,0x000001d8973b0000] _byte_map_base: 0x000001d896bb0000

Marking Bits (Prev, Next): (CMBitMap*) 0x000001d89104a4b0, (CMBitMap*) 0x000001d89104a470
 Prev Bits: [0x000001d8985b0000, 0x000001d8995b0000)
 Next Bits: [0x000001d8975b0000, 0x000001d8985b0000)

Polling page: 0x000001d88ef80000

Metaspace:

Usage:
  Non-class:     62.94 MB used.
      Class:      9.97 MB used.
       Both:     72.91 MB used.

Virtual space:
  Non-class space:       64.00 MB reserved,      63.44 MB (>99%) committed,  1 nodes.
      Class space:        1.00 GB reserved,      10.31 MB (  1%) committed,  1 nodes.
             Both:        1.06 GB reserved,      73.75 MB (  7%) committed. 

Chunk freelists:
   Non-Class:  529.00 KB
       Class:  5.82 MB
        Both:  6.34 MB

MaxMetaspaceSize: unlimited
CompressedClassSpaceSize: 1.00 GB
Initial GC threshold: 21.00 MB
Current GC threshold: 122.75 MB
CDS: off
MetaspaceReclaimPolicy: balanced
 - commit_granule_bytes: 65536.
 - commit_granule_words: 8192.
 - virtual_space_node_default_size: 8388608.
 - enlarge_chunks_in_place: 1.
 - new_chunks_are_fully_committed: 0.
 - uncommit_free_chunks: 1.
 - use_allocation_guard: 0.
 - handle_deallocations: 1.


Internal statistics:

num_allocs_failed_limit: 6.
num_arena_births: 786.
num_arena_deaths: 260.
num_vsnodes_births: 2.
num_vsnodes_deaths: 0.
num_space_committed: 1180.
num_space_uncommitted: 0.
num_chunks_returned_to_freelist: 320.
num_chunks_taken_from_freelist: 3428.
num_chunk_merges: 111.
num_chunk_splits: 2276.
num_chunks_enlarged: 1580.
num_inconsistent_stats: 0.

CodeCache: size=49152Kb used=19369Kb max_used=19701Kb free=29783Kb
 bounds [0x000001d893c80000, 0x000001d894fc0000, 0x000001d896c80000]
 total_blobs=11353 nmethods=10656 adapters=621
 compilation: enabled
              stopped_count=0, restarted_count=0
 full_count=0

Compilation events (20 events):
Event: 570.760 Thread 0x000001d89c35ba40 10854       1       org.eclipse.jdt.internal.compiler.lookup.AnnotationBinding::getElementValuePairs (5 bytes)
Event: 570.761 Thread 0x000001d89c35ba40 nmethod 10854 0x000001d8948f6f10 code [0x000001d8948f70a0, 0x000001d8948f7178]
Event: 570.761 Thread 0x000001d89c35ba40 10857       1       org.eclipse.jdt.core.dom.Block::getNodeType0 (3 bytes)
Event: 570.761 Thread 0x000001d89c35ba40 nmethod 10857 0x000001d8948f6c10 code [0x000001d8948f6da0, 0x000001d8948f6e78]
Event: 570.761 Thread 0x000001d89c35ba40 10858       1       org.eclipse.jdt.internal.compiler.ast.MethodDeclaration::typeParameters (5 bytes)
Event: 570.761 Thread 0x000001d89c35ba40 nmethod 10858 0x000001d8948f6910 code [0x000001d8948f6aa0, 0x000001d8948f6b78]
Event: 570.768 Thread 0x000001d89c35ba40 10861       1       org.eclipse.jdt.core.dom.VariableDeclarationFragment::accept0 (55 bytes)
Event: 570.770 Thread 0x000001d89c35ba40 nmethod 10861 0x000001d8948f6010 code [0x000001d8948f6240, 0x000001d8948f6648]
Event: 570.770 Thread 0x000001d89c35ba40 10863       1       org.eclipse.jdt.core.dom.ASTVisitor::endVisit (1 bytes)
Event: 570.770 Thread 0x000001d89c35ba40 nmethod 10863 0x000001d8948f5d10 code [0x000001d8948f5ea0, 0x000001d8948f5f58]
Event: 570.770 Thread 0x000001d89c35ba40 10862       1       org.eclipse.jdt.core.dom.ASTVisitor::visit (2 bytes)
Event: 570.770 Thread 0x000001d89c35ba40 nmethod 10862 0x000001d8948f5a10 code [0x000001d8948f5ba0, 0x000001d8948f5c78]
Event: 581.962 Thread 0x000001d89c35ba40 10864   !   1       java.net.URI::create (23 bytes)
Event: 581.962 Thread 0x000001d89c35ba40 nmethod 10864 0x000001d8948f5310 code [0x000001d8948f54e0, 0x000001d8948f5888]
Event: 581.962 Thread 0x000001d89c35ba40 10865       1       org.eclipse.jdt.core.dom.ASTVisitor::visit (2 bytes)
Event: 581.963 Thread 0x000001d89c35ba40 nmethod 10865 0x000001d8948f5010 code [0x000001d8948f51a0, 0x000001d8948f5278]
Event: 581.963 Thread 0x000001d89c35ba40 10866       1       org.eclipse.jdt.core.dom.ASTVisitor::visit (2 bytes)
Event: 581.963 Thread 0x000001d89c35ba40 nmethod 10866 0x000001d8948f4d10 code [0x000001d8948f4ea0, 0x000001d8948f4f78]
Event: 581.964 Thread 0x000001d89c35ba40 10867       1       org.eclipse.jdt.core.dom.ASTVisitor::visit (2 bytes)
Event: 581.964 Thread 0x000001d89c35ba40 nmethod 10867 0x000001d8948f4a10 code [0x000001d8948f4ba0, 0x000001d8948f4c78]

GC Heap History (20 events):
Event: 505.596 GC heap before
{Heap before GC invocations=124 (full 36):
 garbage-first heap   total 273408K, used 90211K [0x00000000c0000000, 0x0000000100000000)
  region size 1024K, 10 young (10240K), 0 survivors (0K)
 Metaspace       used 74627K, committed 75520K, reserved 1114112K
  class space    used 10204K, committed 10560K, reserved 1048576K
}
Event: 505.789 GC heap after
{Heap after GC invocations=125 (full 37):
 garbage-first heap   total 273408K, used 81057K [0x00000000c0000000, 0x0000000100000000)
  region size 1024K, 0 young (0K), 0 survivors (0K)
 Metaspace       used 74627K, committed 75520K, reserved 1114112K
  class space    used 10204K, committed 10560K, reserved 1048576K
}
Event: 516.168 GC heap before
{Heap before GC invocations=125 (full 37):
 garbage-first heap   total 273408K, used 81057K [0x00000000c0000000, 0x0000000100000000)
  region size 1024K, 1 young (1024K), 0 survivors (0K)
 Metaspace       used 74627K, committed 75520K, reserved 1114112K
  class space    used 10204K, committed 10560K, reserved 1048576K
}
Event: 516.233 GC heap after
{Heap after GC invocations=126 (full 38):
 garbage-first heap   total 273408K, used 81057K [0x00000000c0000000, 0x0000000100000000)
  region size 1024K, 0 young (0K), 0 survivors (0K)
 Metaspace       used 74627K, committed 75520K, reserved 1114112K
  class space    used 10204K, committed 10560K, reserved 1048576K
}
Event: 526.577 GC heap before
{Heap before GC invocations=126 (full 38):
 garbage-first heap   total 273408K, used 81057K [0x00000000c0000000, 0x0000000100000000)
  region size 1024K, 1 young (1024K), 0 survivors (0K)
 Metaspace       used 74627K, committed 75520K, reserved 1114112K
  class space    used 10204K, committed 10560K, reserved 1048576K
}
Event: 526.629 GC heap after
{Heap after GC invocations=127 (full 39):
 garbage-first heap   total 273408K, used 81057K [0x00000000c0000000, 0x0000000100000000)
  region size 1024K, 0 young (0K), 0 survivors (0K)
 Metaspace       used 74627K, committed 75520K, reserved 1114112K
  class space    used 10204K, committed 10560K, reserved 1048576K
}
Event: 537.011 GC heap before
{Heap before GC invocations=127 (full 39):
 garbage-first heap   total 273408K, used 81057K [0x00000000c0000000, 0x0000000100000000)
  region size 1024K, 1 young (1024K), 0 survivors (0K)
 Metaspace       used 74627K, committed 75520K, reserved 1114112K
  class space    used 10204K, committed 10560K, reserved 1048576K
}
Event: 537.067 GC heap after
{Heap after GC invocations=128 (full 40):
 garbage-first heap   total 273408K, used 81055K [0x00000000c0000000, 0x0000000100000000)
  region size 1024K, 0 young (0K), 0 survivors (0K)
 Metaspace       used 74627K, committed 75520K, reserved 1114112K
  class space    used 10204K, committed 10560K, reserved 1048576K
}
Event: 547.453 GC heap before
{Heap before GC invocations=128 (full 40):
 garbage-first heap   total 273408K, used 81055K [0x00000000c0000000, 0x0000000100000000)
  region size 1024K, 1 young (1024K), 0 survivors (0K)
 Metaspace       used 74627K, committed 75520K, reserved 1114112K
  class space    used 10204K, committed 10560K, reserved 1048576K
}
Event: 547.502 GC heap after
{Heap after GC invocations=129 (full 41):
 garbage-first heap   total 273408K, used 81055K [0x00000000c0000000, 0x0000000100000000)
  region size 1024K, 0 young (0K), 0 survivors (0K)
 Metaspace       used 74627K, committed 75520K, reserved 1114112K
  class space    used 10204K, committed 10560K, reserved 1048576K
}
Event: 557.883 GC heap before
{Heap before GC invocations=129 (full 41):
 garbage-first heap   total 273408K, used 81055K [0x00000000c0000000, 0x0000000100000000)
  region size 1024K, 1 young (1024K), 0 survivors (0K)
 Metaspace       used 74627K, committed 75520K, reserved 1114112K
  class space    used 10204K, committed 10560K, reserved 1048576K
}
Event: 557.936 GC heap after
{Heap after GC invocations=130 (full 42):
 garbage-first heap   total 273408K, used 81055K [0x00000000c0000000, 0x0000000100000000)
  region size 1024K, 0 young (0K), 0 survivors (0K)
 Metaspace       used 74627K, committed 75520K, reserved 1114112K
  class space    used 10204K, committed 10560K, reserved 1048576K
}
Event: 568.351 GC heap before
{Heap before GC invocations=130 (full 42):
 garbage-first heap   total 273408K, used 81055K [0x00000000c0000000, 0x0000000100000000)
  region size 1024K, 1 young (1024K), 0 survivors (0K)
 Metaspace       used 74627K, committed 75520K, reserved 1114112K
  class space    used 10204K, committed 10560K, reserved 1048576K
}
Event: 568.423 GC heap after
{Heap after GC invocations=131 (full 43):
 garbage-first heap   total 273408K, used 81055K [0x00000000c0000000, 0x0000000100000000)
  region size 1024K, 0 young (0K), 0 survivors (0K)
 Metaspace       used 74627K, committed 75520K, reserved 1114112K
  class space    used 10204K, committed 10560K, reserved 1048576K
}
Event: 618.990 GC heap before
{Heap before GC invocations=131 (full 43):
 garbage-first heap   total 273408K, used 91295K [0x00000000c0000000, 0x0000000100000000)
  region size 1024K, 11 young (11264K), 0 survivors (0K)
 Metaspace       used 74657K, committed 75520K, reserved 1114112K
  class space    used 10211K, committed 10560K, reserved 1048576K
}
Event: 620.309 GC heap after
{Heap after GC invocations=132 (full 44):
 garbage-first heap   total 273408K, used 81888K [0x00000000c0000000, 0x0000000100000000)
  region size 1024K, 0 young (0K), 0 survivors (0K)
 Metaspace       used 74657K, committed 75520K, reserved 1114112K
  class space    used 10211K, committed 10560K, reserved 1048576K
}
Event: 630.671 GC heap before
{Heap before GC invocations=132 (full 44):
 garbage-first heap   total 273408K, used 81888K [0x00000000c0000000, 0x0000000100000000)
  region size 1024K, 1 young (1024K), 0 survivors (0K)
 Metaspace       used 74657K, committed 75520K, reserved 1114112K
  class space    used 10211K, committed 10560K, reserved 1048576K
}
Event: 630.729 GC heap after
{Heap after GC invocations=133 (full 45):
 garbage-first heap   total 273408K, used 81887K [0x00000000c0000000, 0x0000000100000000)
  region size 1024K, 0 young (0K), 0 survivors (0K)
 Metaspace       used 74657K, committed 75520K, reserved 1114112K
  class space    used 10211K, committed 10560K, reserved 1048576K
}
Event: 641.312 GC heap before
{Heap before GC invocations=133 (full 45):
 garbage-first heap   total 273408K, used 81887K [0x00000000c0000000, 0x0000000100000000)
  region size 1024K, 1 young (1024K), 0 survivors (0K)
 Metaspace       used 74657K, committed 75520K, reserved 1114112K
  class space    used 10211K, committed 10560K, reserved 1048576K
}
Event: 641.372 GC heap after
{Heap after GC invocations=134 (full 46):
 garbage-first heap   total 273408K, used 81885K [0x00000000c0000000, 0x0000000100000000)
  region size 1024K, 0 young (0K), 0 survivors (0K)
 Metaspace       used 74657K, committed 75520K, reserved 1114112K
  class space    used 10211K, committed 10560K, reserved 1048576K
}

Dll operation events (10 events):
Event: 0.181 Loaded shared library c:\Users\sopha\.vscode\extensions\redhat.java-1.21.0-win32-x64\jre\17.0.7-win32-x86_64\bin\java.dll
Event: 1.479 Loaded shared library C:\Users\sopha\.vscode\extensions\redhat.java-1.21.0-win32-x64\jre\17.0.7-win32-x86_64\bin\net.dll
Event: 1.493 Loaded shared library C:\Users\sopha\.vscode\extensions\redhat.java-1.21.0-win32-x64\jre\17.0.7-win32-x86_64\bin\nio.dll
Event: 1.524 Loaded shared library C:\Users\sopha\.vscode\extensions\redhat.java-1.21.0-win32-x64\jre\17.0.7-win32-x86_64\bin\zip.dll
Event: 2.126 Loaded shared library C:\Users\sopha\.vscode\extensions\redhat.java-1.21.0-win32-x64\jre\17.0.7-win32-x86_64\bin\jimage.dll
Event: 9.970 Loaded shared library C:\Users\sopha\.vscode\extensions\redhat.java-1.21.0-win32-x64\jre\17.0.7-win32-x86_64\bin\management.dll
Event: 9.978 Loaded shared library C:\Users\sopha\.vscode\extensions\redhat.java-1.21.0-win32-x64\jre\17.0.7-win32-x86_64\bin\management_ext.dll
Event: 12.551 Loaded shared library C:\Users\sopha\.vscode\extensions\redhat.java-1.21.0-win32-x64\jre\17.0.7-win32-x86_64\bin\sunmscapi.dll
Event: 46.837 Loaded shared library C:\Users\sopha\AppData\Local\Temp\snappy-1.1.10-ca44c8e1-1b7e-4e91-9081-5b95ed0b0ac1-snappyjava.dll
Event: 47.915 Loaded shared library c:\Users\sopha\.vscode\extensions\redhat.java-1.21.0-win32-x64\jre\17.0.7-win32-x86_64\bin\verify.dll

Deoptimization events (20 events):
Event: 46.179 Thread 0x000001d8a1ec8060 DEOPT PACKING pc=0x000001d894a941ec sp=0x00000088b32fe680
Event: 46.179 Thread 0x000001d8a1ec8060 DEOPT UNPACKING pc=0x000001d893cd7143 sp=0x00000088b32fdbd0 mode 0
Event: 46.179 Thread 0x000001d8a1ec8060 DEOPT PACKING pc=0x000001d894a941ec sp=0x00000088b32fe980
Event: 46.179 Thread 0x000001d8a1ec8060 DEOPT UNPACKING pc=0x000001d893cd7143 sp=0x00000088b32fded0 mode 0
Event: 51.591 Thread 0x000001d8a1d18f90 DEOPT PACKING pc=0x000001d894e9ba14 sp=0x00000088b15fda20
Event: 51.591 Thread 0x000001d8a1d18f90 DEOPT UNPACKING pc=0x000001d893cd7143 sp=0x00000088b15fcf50 mode 0
Event: 51.591 Thread 0x000001d8a1d18f90 DEOPT PACKING pc=0x000001d894effc1c sp=0x00000088b15fdc50
Event: 51.591 Thread 0x000001d8a1d18f90 DEOPT UNPACKING pc=0x000001d893cd7143 sp=0x00000088b15fd158 mode 0
Event: 51.592 Thread 0x000001d8a1d18f90 DEOPT PACKING pc=0x000001d894e4e3f4 sp=0x00000088b15fdd40
Event: 51.592 Thread 0x000001d8a1d18f90 DEOPT UNPACKING pc=0x000001d893cd7143 sp=0x00000088b15fd238 mode 0
Event: 51.592 Thread 0x000001d8a1d18f90 DEOPT PACKING pc=0x000001d894e3bff4 sp=0x00000088b15fde10
Event: 51.592 Thread 0x000001d8a1d18f90 DEOPT UNPACKING pc=0x000001d893cd7143 sp=0x00000088b15fd2e8 mode 0
Event: 51.592 Thread 0x000001d8a1d18f90 DEOPT PACKING pc=0x000001d894dfd4a4 sp=0x00000088b15fdec0
Event: 51.592 Thread 0x000001d8a1d18f90 DEOPT UNPACKING pc=0x000001d893cd7143 sp=0x00000088b15fd440 mode 0
Event: 51.592 Thread 0x000001d8a1d18f90 DEOPT PACKING pc=0x000001d894e920ac sp=0x00000088b15fe1e0
Event: 51.593 Thread 0x000001d8a1d18f90 DEOPT UNPACKING pc=0x000001d893cd7143 sp=0x00000088b15fd670 mode 0
Event: 465.278 Thread 0x000001d8a1cc0fa0 DEOPT PACKING pc=0x000001d8941d76d4 sp=0x00000088b12ff2c0
Event: 465.280 Thread 0x000001d8a1cc0fa0 DEOPT UNPACKING pc=0x000001d893cd7143 sp=0x00000088b12fe748 mode 0
Event: 466.390 Thread 0x000001d8a6453b30 DEOPT PACKING pc=0x000001d8947ebccf sp=0x00000088aeffda50
Event: 466.390 Thread 0x000001d8a6453b30 DEOPT UNPACKING pc=0x000001d893cd7143 sp=0x00000088aeffcf40 mode 3

Classes unloaded (20 events):
Event: 266.612 Thread 0x000001d89c1fb360 Unloading class 0x000000010039d400 'java/lang/invoke/LambdaForm$MH+0x000000010039d400'
Event: 266.612 Thread 0x000001d89c1fb360 Unloading class 0x000000010039d000 'java/lang/invoke/LambdaForm$MH+0x000000010039d000'
Event: 266.612 Thread 0x000001d89c1fb360 Unloading class 0x0000000100092000 'java/lang/invoke/LambdaForm$MH+0x0000000100092000'
Event: 266.612 Thread 0x000001d89c1fb360 Unloading class 0x0000000100091c00 'java/lang/invoke/LambdaForm$MH+0x0000000100091c00'
Event: 266.612 Thread 0x000001d89c1fb360 Unloading class 0x0000000100091800 'java/lang/invoke/LambdaForm$MH+0x0000000100091800'
Event: 266.612 Thread 0x000001d89c1fb360 Unloading class 0x0000000100091400 'java/lang/invoke/LambdaForm$MH+0x0000000100091400'
Event: 266.612 Thread 0x000001d89c1fb360 Unloading class 0x0000000100091000 'java/lang/invoke/LambdaForm$MH+0x0000000100091000'
Event: 266.612 Thread 0x000001d89c1fb360 Unloading class 0x0000000100090c00 'java/lang/invoke/LambdaForm$MH+0x0000000100090c00'
Event: 266.612 Thread 0x000001d89c1fb360 Unloading class 0x0000000100090800 'java/lang/invoke/LambdaForm$MH+0x0000000100090800'
Event: 266.612 Thread 0x000001d89c1fb360 Unloading class 0x0000000100090400 'java/lang/invoke/LambdaForm$MH+0x0000000100090400'
Event: 266.612 Thread 0x000001d89c1fb360 Unloading class 0x000000010008b800 'java/lang/invoke/LambdaForm$MH+0x000000010008b800'
Event: 266.612 Thread 0x000001d89c1fb360 Unloading class 0x000000010008b400 'java/lang/invoke/LambdaForm$MH+0x000000010008b400'
Event: 266.612 Thread 0x000001d89c1fb360 Unloading class 0x000000010008b000 'java/lang/invoke/LambdaForm$MH+0x000000010008b000'
Event: 266.612 Thread 0x000001d89c1fb360 Unloading class 0x000000010008ac00 'java/lang/invoke/LambdaForm$MH+0x000000010008ac00'
Event: 266.612 Thread 0x000001d89c1fb360 Unloading class 0x000000010008a800 'java/lang/invoke/LambdaForm$MH+0x000000010008a800'
Event: 266.612 Thread 0x000001d89c1fb360 Unloading class 0x000000010008a400 'java/lang/invoke/LambdaForm$MH+0x000000010008a400'
Event: 266.612 Thread 0x000001d89c1fb360 Unloading class 0x0000000100089c00 'java/lang/invoke/LambdaForm$MH+0x0000000100089c00'
Event: 266.612 Thread 0x000001d89c1fb360 Unloading class 0x0000000100089400 'java/lang/invoke/LambdaForm$MH+0x0000000100089400'
Event: 266.612 Thread 0x000001d89c1fb360 Unloading class 0x0000000100088c00 'java/lang/invoke/LambdaForm$MH+0x0000000100088c00'
Event: 266.612 Thread 0x000001d89c1fb360 Unloading class 0x0000000100088400 'java/lang/invoke/LambdaForm$MH+0x0000000100088400'

Classes redefined (0 events):
No events

Internal exceptions (20 events):
Event: 58.676 Thread 0x000001d8a6453b30 Exception <a 'sun/nio/fs/WindowsException'{0x00000000fb63a9e8}> (0x00000000fb63a9e8) 
thrown [s\src\hotspot\share\prims\jni.cpp, line 516]
Event: 58.679 Thread 0x000001d8a6453b30 Exception <a 'sun/nio/fs/WindowsException'{0x00000000fb66adf0}> (0x00000000fb66adf0) 
thrown [s\src\hotspot\share\prims\jni.cpp, line 516]
Event: 58.679 Thread 0x000001d8a6453b30 Exception <a 'sun/nio/fs/WindowsException'{0x00000000fb66b140}> (0x00000000fb66b140) 
thrown [s\src\hotspot\share\prims\jni.cpp, line 516]
Event: 58.679 Thread 0x000001d8a6453b30 Exception <a 'sun/nio/fs/WindowsException'{0x00000000fb66c080}> (0x00000000fb66c080) 
thrown [s\src\hotspot\share\prims\jni.cpp, line 516]
Event: 58.679 Thread 0x000001d8a6453b30 Exception <a 'sun/nio/fs/WindowsException'{0x00000000fb66c3e0}> (0x00000000fb66c3e0) 
thrown [s\src\hotspot\share\prims\jni.cpp, line 516]
Event: 58.681 Thread 0x000001d8a6453b30 Exception <a 'sun/nio/fs/WindowsException'{0x00000000fb68d430}> (0x00000000fb68d430) 
thrown [s\src\hotspot\share\prims\jni.cpp, line 516]
Event: 58.681 Thread 0x000001d8a6453b30 Exception <a 'sun/nio/fs/WindowsException'{0x00000000fb68d778}> (0x00000000fb68d778) 
thrown [s\src\hotspot\share\prims\jni.cpp, line 516]
Event: 58.681 Thread 0x000001d8a6453b30 Exception <a 'sun/nio/fs/WindowsException'{0x00000000fb68e6a8}> (0x00000000fb68e6a8) 
thrown [s\src\hotspot\share\prims\jni.cpp, line 516]
Event: 58.681 Thread 0x000001d8a6453b30 Exception <a 'sun/nio/fs/WindowsException'{0x00000000fb68ea08}> (0x00000000fb68ea08) 
thrown [s\src\hotspot\share\prims\jni.cpp, line 516]
Event: 58.684 Thread 0x000001d8a6453b30 Exception <a 'sun/nio/fs/WindowsException'{0x00000000fb6c5180}> (0x00000000fb6c5180) 
thrown [s\src\hotspot\share\prims\jni.cpp, line 516]
Event: 58.685 Thread 0x000001d8a6453b30 Exception <a 'sun/nio/fs/WindowsException'{0x00000000fb6c54e0}> (0x00000000fb6c54e0) 
thrown [s\src\hotspot\share\prims\jni.cpp, line 516]
Event: 58.685 Thread 0x000001d8a6453b30 Exception <a 'sun/nio/fs/WindowsException'{0x00000000fb6c6988}> (0x00000000fb6c6988) 
thrown [s\src\hotspot\share\prims\jni.cpp, line 516]
Event: 58.685 Thread 0x000001d8a6453b30 Exception <a 'sun/nio/fs/WindowsException'{0x00000000fb6c6d10}> (0x00000000fb6c6d10) 
thrown [s\src\hotspot\share\prims\jni.cpp, line 516]
Event: 58.687 Thread 0x000001d8a6453b30 Exception <a 'sun/nio/fs/WindowsException'{0x00000000fb6ef068}> (0x00000000fb6ef068) 
thrown [s\src\hotspot\share\prims\jni.cpp, line 516]
Event: 58.687 Thread 0x000001d8a6453b30 Exception <a 'sun/nio/fs/WindowsException'{0x00000000fb6ef3c8}> (0x00000000fb6ef3c8) 
thrown [s\src\hotspot\share\prims\jni.cpp, line 516]
Event: 58.687 Thread 0x000001d8a6453b30 Exception <a 'sun/nio/fs/WindowsException'{0x00000000fb6f0870}> (0x00000000fb6f0870) 
thrown [s\src\hotspot\share\prims\jni.cpp, line 516]
Event: 58.687 Thread 0x000001d8a6453b30 Exception <a 'sun/nio/fs/WindowsException'{0x00000000fb6f0bf0}> (0x00000000fb6f0bf0) 
thrown [s\src\hotspot\share\prims\jni.cpp, line 516]
Event: 100.176 Thread 0x000001d8a1abe6a0 Exception <a 'java/lang/NoSuchMethodError'{0x00000000fb415528}: 'void java.lang.invoke.DirectMethodHandle$Holder.invokeStatic(java.lang.Object, long)'> (0x00000000fb415528) 
thrown [s\src\hotspot\share\interpreter\linkResolver.cpp, line 759]
Event: 100.177 Thread 0x000001d8a1abe6a0 Exception <a 'java/lang/NoSuchMethodError'{0x00000000fb41a8d8}: 'java.lang.Object java.lang.invoke.DirectMethodHandle$Holder.newInvokeSpecial(java.lang.Object, long)'> (0x00000000fb41a8d8) 
thrown [s\src\hotspot\share\interpreter\linkResolver.cpp, line 759]
Event: 466.390 Thread 0x000001d8a6453b30 Implicit null exception at 0x000001d8947eb710 to 0x000001d8947ebcca

VM Operations (20 events):
Event: 537.068 Executing VM operation: G1CollectFull done
Event: 547.452 Executing VM operation: G1CollectFull
Event: 547.502 Executing VM operation: G1CollectFull done
Event: 557.883 Executing VM operation: G1CollectFull
Event: 557.936 Executing VM operation: G1CollectFull done
Event: 568.350 Executing VM operation: G1CollectFull
Event: 568.424 Executing VM operation: G1CollectFull done
Event: 570.424 Executing VM operation: Cleanup
Event: 570.431 Executing VM operation: Cleanup done
Event: 571.432 Executing VM operation: Cleanup
Event: 571.969 Executing VM operation: Cleanup done
Event: 581.972 Executing VM operation: Cleanup
Event: 581.972 Executing VM operation: Cleanup done
Event: 618.985 Executing VM operation: G1CollectFull
Event: 620.314 Executing VM operation: G1CollectFull done
Event: 630.669 Executing VM operation: G1CollectFull
Event: 630.729 Executing VM operation: G1CollectFull done
Event: 641.310 Executing VM operation: G1CollectFull
Event: 641.372 Executing VM operation: G1CollectFull done
Event: 656.795 Executing VM operation: G1CollectFull

Events (20 events):
Event: 125.679 Thread 0x000001d8a1ecabb0 Thread exited: 0x000001d8a1ecabb0
Event: 185.679 Thread 0x000001d8a1ec8060 Thread exited: 0x000001d8a1ec8060
Event: 245.678 Thread 0x000001d8a1ecef10 Thread exited: 0x000001d8a1ecef10
Event: 305.678 Thread 0x000001d8a1eca210 Thread exited: 0x000001d8a1eca210
Event: 365.679 Thread 0x000001d8a1eca6e0 Thread exited: 0x000001d8a1eca6e0
Event: 425.682 Thread 0x000001d8a1ece570 Thread exited: 0x000001d8a1ece570
Event: 465.310 Thread 0x000001d8a6453660 Thread added: 0x000001d8a6453660
Event: 465.999 Thread 0x000001d8a64561b0 Thread added: 0x000001d8a64561b0
Event: 466.111 Thread 0x000001d8a6453b30 Thread added: 0x000001d8a6453b30
Event: 466.593 Thread 0x000001d8a30f8cb0 Thread added: 0x000001d8a30f8cb0
Event: 471.827 Thread 0x000001d8a30f8cb0 Thread exited: 0x000001d8a30f8cb0
Event: 526.815 Thread 0x000001d8a6453b30 Thread exited: 0x000001d8a6453b30
Event: 526.823 Thread 0x000001d8a6453660 Thread exited: 0x000001d8a6453660
Event: 526.837 Thread 0x000001d8a64561b0 Thread exited: 0x000001d8a64561b0
Event: 570.316 Thread 0x000001d8a6452cc0 Thread added: 0x000001d8a6452cc0
Event: 570.368 Thread 0x000001d8a6455ce0 Thread added: 0x000001d8a6455ce0
Event: 570.605 Thread 0x000001d8a6453660 Thread added: 0x000001d8a6453660
Event: 630.762 Thread 0x000001d8a6455ce0 Thread exited: 0x000001d8a6455ce0
Event: 630.777 Thread 0x000001d8a6452cc0 Thread exited: 0x000001d8a6452cc0
Event: 641.966 Thread 0x000001d8a6453660 Thread exited: 0x000001d8a6453660


Dynamic libraries:
0x00007ff65dfb0000 - 0x00007ff65dfbe000 	c:\Users\sopha\.vscode\extensions\redhat.java-1.21.0-win32-x64\jre\17.0.7-win32-x86_64\bin\java.exe
0x00007ffc7f7d0000 - 0x00007ffc7f9c8000 	C:\WINDOWS\SYSTEM32\ntdll.dll
0x00007ffc7ef30000 - 0x00007ffc7efef000 	C:\WINDOWS\System32\KERNEL32.DLL
0x00007ffc7d360000 - 0x00007ffc7d656000 	C:\WINDOWS\System32\KERNELBASE.dll
0x00007ffc7a780000 - 0x00007ffc7a811000 	C:\WINDOWS\SYSTEM32\apphelp.dll
0x00007ffc7d700000 - 0x00007ffc7d800000 	C:\WINDOWS\System32\ucrtbase.dll
0x00007ffc6bf40000 - 0x00007ffc6bf57000 	c:\Users\sopha\.vscode\extensions\redhat.java-1.21.0-win32-x64\jre\17.0.7-win32-x86_64\bin\jli.dll
0x00007ffc50750000 - 0x00007ffc50769000 	c:\Users\sopha\.vscode\extensions\redhat.java-1.21.0-win32-x64\jre\17.0.7-win32-x86_64\bin\VCRUNTIME140.dll
0x00007ffc7d8e0000 - 0x00007ffc7da7d000 	C:\WINDOWS\System32\USER32.dll
0x00007ffc7d040000 - 0x00007ffc7d062000 	C:\WINDOWS\System32\win32u.dll
0x00007ffc7f760000 - 0x00007ffc7f78c000 	C:\WINDOWS\System32\GDI32.dll
0x00007ffc7cf20000 - 0x00007ffc7d035000 	C:\WINDOWS\System32\gdi32full.dll
0x00007ffc7d660000 - 0x00007ffc7d6fd000 	C:\WINDOWS\System32\msvcp_win.dll
0x00007ffc5f990000 - 0x00007ffc5fc2a000 	C:\WINDOWS\WinSxS\amd64_microsoft.windows.common-controls_6595b64144ccf1df_6.0.19041.1110_none_60b5254171f9507e\COMCTL32.dll
0x00007ffc7dae0000 - 0x00007ffc7db7e000 	C:\WINDOWS\System32\msvcrt.dll
0x00007ffc7eea0000 - 0x00007ffc7eed0000 	C:\WINDOWS\System32\IMM32.DLL
0x00007ffc73420000 - 0x00007ffc7342c000 	c:\Users\sopha\.vscode\extensions\redhat.java-1.21.0-win32-x64\jre\17.0.7-win32-x86_64\bin\vcruntime140_1.dll
0x00007ffc441b0000 - 0x00007ffc44241000 	c:\Users\sopha\.vscode\extensions\redhat.java-1.21.0-win32-x64\jre\17.0.7-win32-x86_64\bin\msvcp140.dll
0x00007ffc05fc0000 - 0x00007ffc06c08000 	c:\Users\sopha\.vscode\extensions\redhat.java-1.21.0-win32-x64\jre\17.0.7-win32-x86_64\bin\server\jvm.dll
0x00007ffc7f5d0000 - 0x00007ffc7f67f000 	C:\WINDOWS\System32\ADVAPI32.dll
0x00007ffc7e580000 - 0x00007ffc7e61c000 	C:\WINDOWS\System32\sechost.dll
0x00007ffc7db80000 - 0x00007ffc7dca6000 	C:\WINDOWS\System32\RPCRT4.dll
0x00007ffc75200000 - 0x00007ffc7520a000 	C:\WINDOWS\SYSTEM32\VERSION.dll
0x00007ffc6c960000 - 0x00007ffc6c969000 	C:\WINDOWS\SYSTEM32\WSOCK32.dll
0x00007ffc75210000 - 0x00007ffc75237000 	C:\WINDOWS\SYSTEM32\WINMM.dll
0x00007ffc7f500000 - 0x00007ffc7f56b000 	C:\WINDOWS\System32\WS2_32.dll
0x00007ffc7ad10000 - 0x00007ffc7ad22000 	C:\WINDOWS\SYSTEM32\kernel.appcore.dll
0x00007ffc72e10000 - 0x00007ffc72e1a000 	c:\Users\sopha\.vscode\extensions\redhat.java-1.21.0-win32-x64\jre\17.0.7-win32-x86_64\bin\jimage.dll
0x00007ffc72250000 - 0x00007ffc72434000 	C:\WINDOWS\SYSTEM32\DBGHELP.DLL
0x00007ffc72210000 - 0x00007ffc72244000 	C:\WINDOWS\SYSTEM32\dbgcore.DLL
0x00007ffc7d070000 - 0x00007ffc7d0f2000 	C:\WINDOWS\System32\bcryptPrimitives.dll
0x00007ffc50e90000 - 0x00007ffc50eb5000 	c:\Users\sopha\.vscode\extensions\redhat.java-1.21.0-win32-x64\jre\17.0.7-win32-x86_64\bin\java.dll
0x00007ffc4fcc0000 - 0x00007ffc4fcd8000 	c:\Users\sopha\.vscode\extensions\redhat.java-1.21.0-win32-x64\jre\17.0.7-win32-x86_64\bin\zip.dll
0x00007ffc7e750000 - 0x00007ffc7ee94000 	C:\WINDOWS\System32\SHELL32.dll
0x00007ffc7af10000 - 0x00007ffc7b6a3000 	C:\WINDOWS\SYSTEM32\windows.storage.dll
0x00007ffc7eff0000 - 0x00007ffc7f344000 	C:\WINDOWS\System32\combase.dll
0x00007ffc7c820000 - 0x00007ffc7c84e000 	C:\WINDOWS\SYSTEM32\Wldp.dll
0x00007ffc7d830000 - 0x00007ffc7d8dd000 	C:\WINDOWS\System32\SHCORE.dll
0x00007ffc7dd40000 - 0x00007ffc7dd95000 	C:\WINDOWS\System32\shlwapi.dll
0x00007ffc7cde0000 - 0x00007ffc7ce05000 	C:\WINDOWS\SYSTEM32\profapi.dll
0x00007ffc4b100000 - 0x00007ffc4b119000 	C:\Users\sopha\.vscode\extensions\redhat.java-1.21.0-win32-x64\jre\17.0.7-win32-x86_64\bin\net.dll
0x00007ffc74140000 - 0x00007ffc7424a000 	C:\WINDOWS\SYSTEM32\WINHTTP.dll
0x00007ffc7c540000 - 0x00007ffc7c5aa000 	C:\WINDOWS\system32\mswsock.dll
0x00007ffc452e0000 - 0x00007ffc452f5000 	C:\Users\sopha\.vscode\extensions\redhat.java-1.21.0-win32-x64\jre\17.0.7-win32-x86_64\bin\nio.dll
0x00007ffc7c780000 - 0x00007ffc7c798000 	C:\WINDOWS\SYSTEM32\CRYPTSP.dll
0x00007ffc7be50000 - 0x00007ffc7be84000 	C:\WINDOWS\system32\rsaenh.dll
0x00007ffc7d800000 - 0x00007ffc7d827000 	C:\WINDOWS\System32\bcrypt.dll
0x00007ffc7cd60000 - 0x00007ffc7cd8e000 	C:\WINDOWS\SYSTEM32\USERENV.dll
0x00007ffc7c770000 - 0x00007ffc7c77c000 	C:\WINDOWS\SYSTEM32\CRYPTBASE.dll
0x00007ffc7c240000 - 0x00007ffc7c27b000 	C:\WINDOWS\SYSTEM32\IPHLPAPI.DLL
0x00007ffc7e400000 - 0x00007ffc7e408000 	C:\WINDOWS\System32\NSI.dll
0x00007ffc76270000 - 0x00007ffc76287000 	C:\WINDOWS\SYSTEM32\dhcpcsvc6.DLL
0x00007ffc76570000 - 0x00007ffc7658d000 	C:\WINDOWS\SYSTEM32\dhcpcsvc.DLL
0x00007ffc7c280000 - 0x00007ffc7c34a000 	C:\WINDOWS\SYSTEM32\DNSAPI.dll
0x00007ffc72e20000 - 0x00007ffc72e29000 	C:\Users\sopha\.vscode\extensions\redhat.java-1.21.0-win32-x64\jre\17.0.7-win32-x86_64\bin\management.dll
0x00007ffc726d0000 - 0x00007ffc726db000 	C:\Users\sopha\.vscode\extensions\redhat.java-1.21.0-win32-x64\jre\17.0.7-win32-x86_64\bin\management_ext.dll
0x00007ffc7e2c0000 - 0x00007ffc7e2c8000 	C:\WINDOWS\System32\PSAPI.DLL
0x00007ffc4f260000 - 0x00007ffc4f26e000 	C:\Users\sopha\.vscode\extensions\redhat.java-1.21.0-win32-x64\jre\17.0.7-win32-x86_64\bin\sunmscapi.dll
0x00007ffc7d200000 - 0x00007ffc7d35e000 	C:\WINDOWS\System32\CRYPT32.dll
0x00007ffc7c890000 - 0x00007ffc7c8b8000 	C:\WINDOWS\SYSTEM32\ncrypt.dll
0x00007ffc7c850000 - 0x00007ffc7c88b000 	C:\WINDOWS\SYSTEM32\NTASN1.dll
0x000000006b070000 - 0x000000006b096000 	C:\Program Files\Bonjour\mdnsNSP.dll
0x00007ffc76a70000 - 0x00007ffc76a7a000 	C:\Windows\System32\rasadhlp.dll
0x00007ffc73740000 - 0x00007ffc737c2000 	C:\WINDOWS\System32\fwpuclnt.dll
0x0000000070fc0000 - 0x000000007108d000 	C:\Users\sopha\AppData\Local\Temp\snappy-1.1.10-ca44c8e1-1b7e-4e91-9081-5b95ed0b0ac1-snappyjava.dll
0x00007ffc4fcb0000 - 0x00007ffc4fcc0000 	c:\Users\sopha\.vscode\extensions\redhat.java-1.21.0-win32-x64\jre\17.0.7-win32-x86_64\bin\verify.dll

dbghelp: loaded successfully - version: 4.0.5 - missing functions: none
symbol engine: initialized successfully - sym options: 0x614 - pdb path: .;c:\Users\sopha\.vscode\extensions\redhat.java-1.21.0-win32-x64\jre\17.0.7-win32-x86_64\bin;C:\WINDOWS\SYSTEM32;C:\WINDOWS\WinSxS\amd64_microsoft.windows.common-controls_6595b64144ccf1df_6.0.19041.1110_none_60b5254171f9507e;c:\Users\sopha\.vscode\extensions\redhat.java-1.21.0-win32-x64\jre\17.0.7-win32-x86_64\bin\server;C:\Program Files\Bonjour;C:\Users\sopha\AppData\Local\Temp

VM Arguments:
jvm_args: -XX:+HeapDumpOnOutOfMemoryError -Xmx1024m -Dsts.lsp.client=vscode -Dsts.log.file=/dev/null -XX:TieredStopAtLevel=1 -Xlog:jni+resolve=off -Dspring.config.location=file:c:\Users\sopha\.vscode\extensions\vmware.vscode-spring-boot-1.48.0\language-server\BOOT-INF\classes\application.properties 
java_command: org.springframework.ide.vscode.boot.app.BootLanguageServerBootApp
java_class_path (initial): c:\Users\sopha\.vscode\extensions\vmware.vscode-spring-boot-1.48.0\language-server\BOOT-INF\classes;c:\Users\sopha\.vscode\extensions\vmware.vscode-spring-boot-1.48.0\language-server\BOOT-INF\lib\annotations-24.0.1.jar;c:\Users\sopha\.vscode\extensions\vmware.vscode-spring-boot-1.48.0\language-server\BOOT-INF\lib\antlr-runtime-3.5.3.jar;c:\Users\sopha\.vscode\extensions\vmware.vscode-spring-boot-1.48.0\language-server\BOOT-INF\lib\antlr4-4.11.1.jar;c:\Users\sopha\.vscode\extensions\vmware.vscode-spring-boot-1.48.0\language-server\BOOT-INF\lib\antlr4-runtime-4.11.1.jar;c:\Users\sopha\.vscode\extensions\vmware.vscode-spring-boot-1.48.0\language-server\BOOT-INF\lib\archunit-1.0.1.jar;c:\Users\sopha\.vscode\extensions\vmware.vscode-spring-boot-1.48.0\language-server\BOOT-INF\lib\asm-9.5.jar;c:\Users\sopha\.vscode\extensions\vmware.vscode-spring-boot-1.48.0\language-server\BOOT-INF\lib\asm-analysis-9.5.jar;c:\Users\sopha\.vscode\extensions\vmware.vscode-spring-boot-1.48.0\language-server\BOOT-INF\lib\asm-tree-9.5.jar;c:\Users\sopha\.vscode\extensions\vmware.vscode-spring-boot-1.48.0\language-server\BOOT-INF\lib\asm-util-9.5.jar;c:\Users\sopha\.vscode\extensions\vmware.vscode-spring-boot-1.48.0\language-server\BOOT-INF\lib\bosh-language-server-1.48.0-SNAPSHOT.jar;c:\Users\sopha\.vscode\extensions\vmware.vscode-spring-boot-1.48.0\language-server\BOOT-INF\lib\caffeine-3.1.6.jar;c:\Users\sopha\.vscode\extensions\vmware.vscode-spring-boot-1.48.0\language-server\BOOT-INF\lib\checker-qual-3.12.0.jar;c:\Users\sopha\.vscode\extensions\vmware.vscode-spring-boot-1.48.0\language-server\BOOT-INF\lib\classgraph-4.8.149.jar;c:\Users\sopha\.vscode\extensions\vmware.vscode-spring-boot-1.48.0\language-server\BOOT-INF\lib\commons-codec-1.15.jar;c:\Users\sopha\.vscode\extensions\vmware.vscode-spring-boot-1.48.0\language-server\BOOT-INF\lib\commons-compress-1.23.0.jar;c:\Users\sopha\.vscode\extensions\vmware.vscode-spring-boot-1.48.0\language-server\BOOT-INF\lib\
Launcher Type: SUN_STANDARD

[Global flags]
     intx CICompilerCount                          = 4                                         {product} {ergonomic}
     uint ConcGCThreads                            = 3                                         {product} {ergonomic}
     uint G1ConcRefinementThreads                  = 10                                        {product} {ergonomic}
   size_t G1HeapRegionSize                         = 1048576                                   {product} {ergonomic}
    uintx GCDrainStackTargetSize                   = 64                                        {product} {ergonomic}
     bool HeapDumpOnOutOfMemoryError               = true                                   {manageable} {command line}
   size_t InitialHeapSize                          = 125829120                                 {product} {ergonomic}
   size_t MarkStackSize                            = 4194304                                   {product} {ergonomic}
   size_t MaxHeapSize                              = 1073741824                                {product} {command line}
   size_t MaxNewSize                               = 643825664                                 {product} {ergonomic}
   size_t MinHeapDeltaBytes                        = 1048576                                   {product} {ergonomic}
   size_t MinHeapSize                              = 8388608                                   {product} {ergonomic}
    uintx NonProfiledCodeHeapSize                  = 0                                      {pd product} {ergonomic}
     bool ProfileInterpreter                       = false                                  {pd product} {command line}
    uintx ProfiledCodeHeapSize                     = 0                                      {pd product} {ergonomic}
   size_t SoftMaxHeapSize                          = 1073741824                             {manageable} {ergonomic}
     intx TieredStopAtLevel                        = 1                                         {product} {command line}
     bool UseCompressedClassPointers               = true                           {product lp64_product} {ergonomic}
     bool UseCompressedOops                        = true                           {product lp64_product} {ergonomic}
     bool UseG1GC                                  = true                                      {product} {ergonomic}
     bool UseLargePagesIndividualAllocation        = false                                  {pd product} {ergonomic}

Logging:
Log output configuration:
 #0: stdout all=warning,jni+resolve=off uptime,level,tags
 #1: stderr all=off uptime,level,tags

Environment Variables:
JAVA_HOME=C:\Program Files\Java\jdk-17
PATH=C:\Program Files\Eclipse Adoptium\jdk-17.0.4.101-hotspot\bin;C:\Program Files\Amazon Corretto\jdk11.0.12_7\bin;C:\Program Files\Common Files\Oracle\Java\javapath;C:\WINDOWS\system32;C:\WINDOWS;C:\WINDOWS\System32\Wbem;C:\WINDOWS\System32\WindowsPowerShell\v1.0\;C:\WINDOWS\System32\OpenSSH\;C:\Program Files\dotnet\;C:\Users\sopha\Downloads\Compressed\ffmpeg-4.3.1-2020-11-19-essentials_build\ffmpeg-4.3.1-2020-11-19-essentials_build\bin;C:\Users\sopha\AppData\Local\Programs\Python\Python39\Scripts;C:\Program Files\sqlite-tools-win32-x86-3350500\sqlite-tools-win32-x86-3350500;C:\Program Files\Git\cmd;C:\Program Files\nodejs\;C:\Program Files\SourceGear\Common\DiffMerge\;C:\Program Files (x86)\apache-maven-3.8.5\bin;C:\Program Files\Microsoft SQL Server\Client SDK\ODBC\170\Tools\Binn\;C:\Program Files (x86)\Microsoft SQL Server\150\Tools\Binn\;C:\Program Files\Microsoft SQL Server\150\Tools\Binn\;C:\Program Files\Microsoft SQL Server\150\DTS\Binn\;C:\HashiCorp\Vagrant\bin;C:\Users\sopha\Downloads\gradle-8.0.2-all\gradle-8.0.2\bin;C:\Program Files\Java\jdk-17\bin;;C:\Program Files (x86)\Microsoft SQL Server\160\Tools\Binn\;C:\Program Files\Microsoft SQL Server\160\Tools\Binn\;C:\Program Files\Microsoft SQL Server\160\DTS\Binn\;C:\Program Files\Docker\Docker\resources\bin;C:\BC5\BIN;C:\Users\sopha\AppData\Local\Microsoft\WindowsApps;C:\Users\sopha\.dotnet\tools;C:\Program Files\JetBrains2\PyCharm Community Edition 2020.3.2\bin;;C:\Users\sopha\AppData\Local\Programs\Microsoft VS Code\bin;C:\MinGW\bin\C:\Users\sopha\AppData\Roaming\Microsoft\Windows\Start Menu\Programs\Python 3.9;"C:\MinGW\bin;C:\Users\sopha\AppData\Roaming\Microsoft\Windows\Start Menu\Programs\Python 3.9;";C:\Users\sopha\AppData\Local\Programs\Python\Python39;C:\Program Files\heroku\bin;C:\Users\sopha\AppData\Roaming\npm;C:\Program Files\Java\jdk-17\bin;C://UnLockCatch/tools/vcruntime;
USERNAME=Tannkimsour
OS=Windows_NT
PROCESSOR_IDENTIFIER=AMD64 Family 23 Model 96 Stepping 1, AuthenticAMD
TMP=C:\Users\sopha\AppData\Local\Temp
TEMP=C:\Users\sopha\AppData\Local\Temp



---------------  S Y S T E M  ---------------

OS:
 Windows 10 , 64 bit Build 19041 (10.0.19041.3155)
OS uptime: 0 days 12:26 hours
Hyper-V role detected

CPU: total 12 (initial active 12) (12 cores per cpu, 2 threads per core) family 23 model 96 stepping 1 microcode 0x0, cx8, cmov, fxsr, ht, mmx, 3dnowpref, sse, sse2, sse3, ssse3, sse4a, sse4.1, sse4.2, popcnt, lzcnt, tsc, tscinvbit, avx, avx2, aes, clmul, bmi1, bmi2, adx, sha, fma, vzeroupper, clflush, clflushopt, hv

Memory: 4k page, system-wide physical 7579M (191M free)
TotalPageFile size 31131M (AvailPageFile size 7M)
current process WorkingSet (physical memory assigned to process): 140M, peak: 847M
current process commit charge ("private bytes"): 486M, peak: 1241M

vm_info: OpenJDK 64-Bit Server VM (17.0.7+7) for windows-amd64 JRE (17.0.7+7), built on Apr 18 2023 22:10:42 by "temurin" with MS VC++ 16.7 (VS2019)

END.
