#
# There is insufficient memory for the Java Runtime Environment to continue.
# Native memory allocation (malloc) failed to allocate 1048576 bytes for AllocateHeap
# Possible reasons:
#   The system is out of physical RAM or swap space
#   The process is running with CompressedOops enabled, and the Java Heap may be blocking the growth of the native heap
# Possible solutions:
#   Reduce memory load on the system
#   Increase physical memory or swap space
#   Check if swap backing store is full
#   Decrease Java heap size (-Xmx/-Xms)
#   Decrease number of Java threads
#   Decrease Java thread stack sizes (-Xss)
#   Set larger code cache with -XX:ReservedCodeCacheSize=
#   JVM is running with Unscaled Compressed Oops mode in which the Java heap is
#     placed in the first 4GB address space. The Java Heap base address is the
#     maximum limit for the native heap growth. Please use -XX:HeapBaseMinAddress
#     to set the Java Heap base and to place the Java Heap above 4GB virtual address.
# This output file may be truncated or incomplete.
#
#  Out of Memory Error (allocation.cpp:44), pid=10508, tid=12064
#
# JRE version:  (17.0.7+7) (build )
# Java VM: OpenJDK 64-Bit Server VM (17.0.7+7, mixed mode, tiered, compressed oops, compressed class ptrs, parallel gc, windows-amd64)
# No core dump will be written. Minidumps are not enabled by default on client versions of Windows
#

---------------  S U M M A R Y ------------

Command Line: --add-modules=ALL-SYSTEM --add-opens=java.base/java.util=ALL-UNNAMED --add-opens=java.base/java.lang=ALL-UNNAMED --add-opens=java.base/sun.nio.fs=ALL-UNNAMED -Declipse.application=org.eclipse.jdt.ls.core.id1 -Dosgi.bundles.defaultStartLevel=4 -Declipse.product=org.eclipse.jdt.ls.core.product -Djava.import.generatesMetadataFilesAtProjectRoot=false -Dfile.encoding=utf8 -XX:+UseParallelGC -XX:GCTimeRatio=4 -XX:AdaptiveSizePolicyWeight=90 -Dsun.zip.disableMemoryMapping=true -Xmx1G -Xms100m -Xlog:disable -javaagent:c:\Users\sopha\.vscode\extensions\redhat.java-1.21.0-win32-x64\lombok\lombok-1.18.28.jar c:\Users\sopha\.vscode\extensions\redhat.java-1.21.0-win32-x64\server\plugins\org.eclipse.equinox.launcher_1.6.500.v20230717-2134.jar -configuration c:\Users\sopha\AppData\Roaming\Code\User\globalStorage\redhat.java\1.21.0\config_ss_win -data c:\Users\sopha\AppData\Roaming\Code\User\workspaceStorage\d99c797a54f5dda9d5f29de6491bcab4\redhat.java\ss_ws

Host: AMD Ryzen 5 4600H with Radeon Graphics         , 12 cores, 7G,  Windows 10 , 64 bit Build 19041 (10.0.19041.3155)
Time: Wed Aug 16 11:54:07 2023 SE Asia Standard Time elapsed time: 0.093835 seconds (0d 0h 0m 0s)

---------------  T H R E A D  ---------------

Current thread (0x000002368ce53250):  JavaThread "Unknown thread" [_thread_in_vm, id=12064, stack(0x000000ae09200000,0x000000ae09300000)]

Stack: [0x000000ae09200000,0x000000ae09300000]
Native frames: (J=compiled Java code, j=interpreted, Vv=VM code, C=native code)
V  [jvm.dll+0x67754a]
V  [jvm.dll+0x834304]
V  [jvm.dll+0x835aae]
V  [jvm.dll+0x836113]
V  [jvm.dll+0x24696f]
V  [jvm.dll+0xa681f]
V  [jvm.dll+0x6a9e96]
V  [jvm.dll+0x6aaa3f]
V  [jvm.dll+0x683c73]
V  [jvm.dll+0x806deb]
V  [jvm.dll+0x36ad14]
V  [jvm.dll+0x7e5cec]
V  [jvm.dll+0x3ed56f]
V  [jvm.dll+0x3ef0a1]
C  [jli.dll+0x528b]
C  [ucrtbase.dll+0x21bb2]
C  [KERNEL32.DLL+0x17614]
C  [ntdll.dll+0x526b1]


---------------  P R O C E S S  ---------------

Threads class SMR info:
_java_thread_list=0x00007ffc06ad7018, length=0, elements={
}

Java Threads: ( => current thread )

Other Threads:
  0x000002368ce67e20 GCTaskThread "GC Thread#0" [stack: 0x000000ae09300000,0x000000ae09400000] [id=21312]

=>0x000002368ce53250 (exited) JavaThread "Unknown thread" [_thread_in_vm, id=12064, stack(0x000000ae09200000,0x000000ae09300000)]

Threads with active compile tasks:

VM state: not at safepoint (normal execution)

VM Mutex/Monitor currently owned by a thread: None

Heap address: 0x00000000c0000000, size: 1024 MB, Compressed Oops mode: 32-bit

CDS archive(s) not mapped
Compressed class space mapped at: 0x0000000100000000-0x0000000140000000, reserved size: 1073741824
Narrow klass base: 0x0000000000000000, Narrow klass shift: 3, Narrow klass range: 0x140000000

GC Precious Log:
 CPUs: 12 total, 12 available
 Memory: 7579M
 Large Page Support: Disabled
 NUMA Support: Disabled
 Compressed Oops: Enabled (32-bit)
 Alignments: Space 512K, Generation 512K, Heap 2M
 Heap Min Capacity: 100M
 Heap Initial Capacity: 100M
 Heap Max Capacity: 1G
 Pre-touch: Disabled
 Parallel Workers: 10

Heap:
 PSYoungGen      total 29696K, used 512K [0x00000000eab00000, 0x00000000ecc00000, 0x0000000100000000)
  eden space 25600K, 2% used [0x00000000eab00000,0x00000000eab80070,0x00000000ec400000)
  from space 4096K, 0% used [0x00000000ec800000,0x00000000ec800000,0x00000000ecc00000)
  to   space 4096K, 0% used [0x00000000ec400000,0x00000000ec400000,0x00000000ec800000)
 ParOldGen       total 68608K, used 0K [0x00000000c0000000, 0x00000000c4300000, 0x00000000eab00000)
  object space 68608K, 0% used [0x00000000c0000000,0x00000000c0000000,0x00000000c4300000)
 Metaspace       used 1149K, committed 1216K, reserved 1114112K
  class space    used 101K, committed 128K, reserved 1048576K

Card table byte_map: [0x000002368c7f0000,0x000002368ca00000] _byte_map_base: 0x000002368c1f0000

Marking Bits: (ParMarkBitMap*) 0x00007ffc06b452c0
 Begin Bits: [0x000002369ead0000, 0x000002369fad0000)
 End Bits:   [0x000002369fad0000, 0x00000236a0ad0000)

Polling page: 0x000002368aaf0000

Metaspace:

Usage:
  Non-class:      1.02 MB used.
      Class:    101.01 KB used.
       Both:      1.12 MB used.

Virtual space:
  Non-class space:       64.00 MB reserved,       1.06 MB (  2%) committed,  1 nodes.
      Class space:        1.00 GB reserved,     128.00 KB ( <1%) committed,  1 nodes.
             Both:        1.06 GB reserved,       1.19 MB ( <1%) committed. 

Chunk freelists:
   Non-Class:  12.00 MB
       Class:  15.75 MB
        Both:  27.75 MB

MaxMetaspaceSize: unlimited
CompressedClassSpaceSize: 1.00 GB
Initial GC threshold: 21.00 MB
Current GC threshold: 17179869184.00 GB
CDS: off
MetaspaceReclaimPolicy: balanced
 - commit_granule_bytes: 65536.
 - commit_granule_words: 8192.
 - virtual_space_node_default_size: 8388608.
 - enlarge_chunks_in_place: 1.
 - new_chunks_are_fully_committed: 0.
 - uncommit_free_chunks: 1.
 - use_allocation_guard: 0.
 - handle_deallocations: 1.


Internal statistics:

num_allocs_failed_limit: 0.
num_arena_births: 2.
num_arena_deaths: 0.
num_vsnodes_births: 2.
num_vsnodes_deaths: 0.
num_space_committed: 19.
num_space_uncommitted: 0.
num_chunks_returned_to_freelist: 0.
num_chunks_taken_from_freelist: 3.
num_chunk_merges: 0.
num_chunk_splits: 2.
num_chunks_enlarged: 0.
num_inconsistent_stats: 0.

CodeHeap 'non-profiled nmethods': size=120000Kb used=0Kb max_used=0Kb free=120000Kb
 bounds [0x00000236975a0000, 0x0000023697810000, 0x000002369ead0000]
CodeHeap 'profiled nmethods': size=120000Kb used=0Kb max_used=0Kb free=120000Kb
 bounds [0x000002368fad0000, 0x000002368fd40000, 0x0000023697000000]
CodeHeap 'non-nmethods': size=5760Kb used=202Kb max_used=353Kb free=5557Kb
 bounds [0x0000023697000000, 0x0000023697270000, 0x00000236975a0000]
 total_blobs=66 nmethods=0 adapters=47
 compilation: enabled
              stopped_count=0, restarted_count=0
 full_count=0

Compilation events (0 events):
No events

GC Heap History (0 events):
No events

Dll operation events (1 events):
Event: 0.033 Loaded shared library c:\Users\sopha\.vscode\extensions\redhat.java-1.21.0-win32-x64\jre\17.0.7-win32-x86_64\bin\java.dll

Deoptimization events (0 events):
No events

Classes unloaded (0 events):
No events

Classes redefined (0 events):
No events

Internal exceptions (0 events):
No events

VM Operations (0 events):
No events

Events (20 events):
Event: 0.067 loading class java/lang/Long
Event: 0.067 loading class java/lang/Long done
Event: 0.067 loading class java/util/Iterator
Event: 0.067 loading class java/util/Iterator done
Event: 0.067 loading class java/lang/reflect/RecordComponent
Event: 0.067 loading class java/lang/reflect/RecordComponent done
Event: 0.067 loading class jdk/internal/vm/vector/VectorSupport
Event: 0.067 loading class jdk/internal/vm/vector/VectorSupport done
Event: 0.067 loading class jdk/internal/vm/vector/VectorSupport$VectorPayload
Event: 0.067 loading class jdk/internal/vm/vector/VectorSupport$VectorPayload done
Event: 0.068 loading class jdk/internal/vm/vector/VectorSupport$Vector
Event: 0.068 loading class jdk/internal/vm/vector/VectorSupport$Vector done
Event: 0.068 loading class jdk/internal/vm/vector/VectorSupport$VectorMask
Event: 0.068 loading class jdk/internal/vm/vector/VectorSupport$VectorMask done
Event: 0.068 loading class jdk/internal/vm/vector/VectorSupport$VectorShuffle
Event: 0.068 loading class jdk/internal/vm/vector/VectorSupport$VectorShuffle done
Event: 0.075 loading class java/lang/NullPointerException
Event: 0.075 loading class java/lang/NullPointerException done
Event: 0.075 loading class java/lang/ArithmeticException
Event: 0.075 loading class java/lang/ArithmeticException done


Dynamic libraries:
0x00007ff65dfb0000 - 0x00007ff65dfbe000 	c:\Users\sopha\.vscode\extensions\redhat.java-1.21.0-win32-x64\jre\17.0.7-win32-x86_64\bin\java.exe
0x00007ffc7f7d0000 - 0x00007ffc7f9c8000 	C:\WINDOWS\SYSTEM32\ntdll.dll
0x00007ffc7ef30000 - 0x00007ffc7efef000 	C:\WINDOWS\System32\KERNEL32.DLL
0x00007ffc7d360000 - 0x00007ffc7d656000 	C:\WINDOWS\System32\KERNELBASE.dll
0x00007ffc7a780000 - 0x00007ffc7a811000 	C:\WINDOWS\SYSTEM32\apphelp.dll
0x00007ffc7d700000 - 0x00007ffc7d800000 	C:\WINDOWS\System32\ucrtbase.dll
0x00007ffc6bf40000 - 0x00007ffc6bf57000 	c:\Users\sopha\.vscode\extensions\redhat.java-1.21.0-win32-x64\jre\17.0.7-win32-x86_64\bin\jli.dll
0x00007ffc7d8e0000 - 0x00007ffc7da7d000 	C:\WINDOWS\System32\USER32.dll
0x00007ffc7d040000 - 0x00007ffc7d062000 	C:\WINDOWS\System32\win32u.dll
0x00007ffc7f760000 - 0x00007ffc7f78c000 	C:\WINDOWS\System32\GDI32.dll
0x00007ffc7cf20000 - 0x00007ffc7d035000 	C:\WINDOWS\System32\gdi32full.dll
0x00007ffc7d660000 - 0x00007ffc7d6fd000 	C:\WINDOWS\System32\msvcp_win.dll
0x00007ffc50750000 - 0x00007ffc50769000 	c:\Users\sopha\.vscode\extensions\redhat.java-1.21.0-win32-x64\jre\17.0.7-win32-x86_64\bin\VCRUNTIME140.dll
0x00007ffc5f990000 - 0x00007ffc5fc2a000 	C:\WINDOWS\WinSxS\amd64_microsoft.windows.common-controls_6595b64144ccf1df_6.0.19041.1110_none_60b5254171f9507e\COMCTL32.dll
0x00007ffc7dae0000 - 0x00007ffc7db7e000 	C:\WINDOWS\System32\msvcrt.dll
0x00007ffc7eea0000 - 0x00007ffc7eed0000 	C:\WINDOWS\System32\IMM32.DLL
0x00007ffc73420000 - 0x00007ffc7342c000 	c:\Users\sopha\.vscode\extensions\redhat.java-1.21.0-win32-x64\jre\17.0.7-win32-x86_64\bin\vcruntime140_1.dll
0x00007ffc441b0000 - 0x00007ffc44241000 	c:\Users\sopha\.vscode\extensions\redhat.java-1.21.0-win32-x64\jre\17.0.7-win32-x86_64\bin\msvcp140.dll
0x00007ffc05fc0000 - 0x00007ffc06c08000 	c:\Users\sopha\.vscode\extensions\redhat.java-1.21.0-win32-x64\jre\17.0.7-win32-x86_64\bin\server\jvm.dll
0x00007ffc7f5d0000 - 0x00007ffc7f67f000 	C:\WINDOWS\System32\ADVAPI32.dll
0x00007ffc7e580000 - 0x00007ffc7e61c000 	C:\WINDOWS\System32\sechost.dll
0x00007ffc7db80000 - 0x00007ffc7dca6000 	C:\WINDOWS\System32\RPCRT4.dll
0x00007ffc75200000 - 0x00007ffc7520a000 	C:\WINDOWS\SYSTEM32\VERSION.dll
0x00007ffc75210000 - 0x00007ffc75237000 	C:\WINDOWS\SYSTEM32\WINMM.dll
0x00007ffc6c960000 - 0x00007ffc6c969000 	C:\WINDOWS\SYSTEM32\WSOCK32.dll
0x00007ffc7f500000 - 0x00007ffc7f56b000 	C:\WINDOWS\System32\WS2_32.dll
0x00007ffc7ad10000 - 0x00007ffc7ad22000 	C:\WINDOWS\SYSTEM32\kernel.appcore.dll
0x00007ffc72e10000 - 0x00007ffc72e1a000 	c:\Users\sopha\.vscode\extensions\redhat.java-1.21.0-win32-x64\jre\17.0.7-win32-x86_64\bin\jimage.dll
0x00007ffc72250000 - 0x00007ffc72434000 	C:\WINDOWS\SYSTEM32\DBGHELP.DLL
0x00007ffc72210000 - 0x00007ffc72244000 	C:\WINDOWS\SYSTEM32\dbgcore.DLL
0x00007ffc7d070000 - 0x00007ffc7d0f2000 	C:\WINDOWS\System32\bcryptPrimitives.dll
0x00007ffc6c140000 - 0x00007ffc6c14e000 	c:\Users\sopha\.vscode\extensions\redhat.java-1.21.0-win32-x64\jre\17.0.7-win32-x86_64\bin\instrument.dll
0x00007ffc50e90000 - 0x00007ffc50eb5000 	c:\Users\sopha\.vscode\extensions\redhat.java-1.21.0-win32-x64\jre\17.0.7-win32-x86_64\bin\java.dll
0x00007ffc4fcc0000 - 0x00007ffc4fcd8000 	c:\Users\sopha\.vscode\extensions\redhat.java-1.21.0-win32-x64\jre\17.0.7-win32-x86_64\bin\zip.dll

dbghelp: loaded successfully - version: 4.0.5 - missing functions: none
symbol engine: initialized successfully - sym options: 0x614 - pdb path: .;c:\Users\sopha\.vscode\extensions\redhat.java-1.21.0-win32-x64\jre\17.0.7-win32-x86_64\bin;C:\WINDOWS\SYSTEM32;C:\WINDOWS\WinSxS\amd64_microsoft.windows.common-controls_6595b64144ccf1df_6.0.19041.1110_none_60b5254171f9507e;c:\Users\sopha\.vscode\extensions\redhat.java-1.21.0-win32-x64\jre\17.0.7-win32-x86_64\bin\server

VM Arguments:
jvm_args: --add-modules=ALL-SYSTEM --add-opens=java.base/java.util=ALL-UNNAMED --add-opens=java.base/java.lang=ALL-UNNAMED --add-opens=java.base/sun.nio.fs=ALL-UNNAMED -Declipse.application=org.eclipse.jdt.ls.core.id1 -Dosgi.bundles.defaultStartLevel=4 -Declipse.product=org.eclipse.jdt.ls.core.product -Djava.import.generatesMetadataFilesAtProjectRoot=false -Dfile.encoding=utf8 -XX:+UseParallelGC -XX:GCTimeRatio=4 -XX:AdaptiveSizePolicyWeight=90 -Dsun.zip.disableMemoryMapping=true -Xmx1G -Xms100m -Xlog:disable -javaagent:c:\Users\sopha\.vscode\extensions\redhat.java-1.21.0-win32-x64\lombok\lombok-1.18.28.jar 
java_command: c:\Users\sopha\.vscode\extensions\redhat.java-1.21.0-win32-x64\server\plugins\org.eclipse.equinox.launcher_1.6.500.v20230717-2134.jar -configuration c:\Users\sopha\AppData\Roaming\Code\User\globalStorage\redhat.java\1.21.0\config_ss_win -data c:\Users\sopha\AppData\Roaming\Code\User\workspaceStorage\d99c797a54f5dda9d5f29de6491bcab4\redhat.java\ss_ws
java_class_path (initial): c:\Users\sopha\.vscode\extensions\redhat.java-1.21.0-win32-x64\server\plugins\org.eclipse.equinox.launcher_1.6.500.v20230717-2134.jar
Launcher Type: SUN_STANDARD

[Global flags]
    uintx AdaptiveSizePolicyWeight                 = 90                                        {product} {command line}
     intx CICompilerCount                          = 4                                         {product} {ergonomic}
    uintx GCTimeRatio                              = 4                                         {product} {command line}
   size_t InitialHeapSize                          = 104857600                                 {product} {command line}
   size_t MaxHeapSize                              = 1073741824                                {product} {command line}
   size_t MaxNewSize                               = 357564416                                 {product} {ergonomic}
   size_t MinHeapDeltaBytes                        = 524288                                    {product} {ergonomic}
   size_t MinHeapSize                              = 104857600                                 {product} {command line}
   size_t NewSize                                  = 34603008                                  {product} {ergonomic}
    uintx NonNMethodCodeHeapSize                   = 5839372                                {pd product} {ergonomic}
    uintx NonProfiledCodeHeapSize                  = 122909434                              {pd product} {ergonomic}
   size_t OldSize                                  = 70254592                                  {product} {ergonomic}
    uintx ProfiledCodeHeapSize                     = 122909434                              {pd product} {ergonomic}
    uintx ReservedCodeCacheSize                    = 251658240                              {pd product} {ergonomic}
     bool SegmentedCodeCache                       = true                                      {product} {ergonomic}
   size_t SoftMaxHeapSize                          = 1073741824                             {manageable} {ergonomic}
     bool UseCompressedClassPointers               = true                           {product lp64_product} {ergonomic}
     bool UseCompressedOops                        = true                           {product lp64_product} {ergonomic}
     bool UseLargePagesIndividualAllocation        = false                                  {pd product} {ergonomic}
     bool UseParallelGC                            = true                                      {product} {command line}

Logging:
Log output configuration:
 #0: stdout all=off uptime,level,tags
 #1: stderr all=off uptime,level,tags

Environment Variables:
JAVA_HOME=C:\Program Files\Java\jdk-17
PATH=C:\Program Files\Eclipse Adoptium\jdk-17.0.4.101-hotspot\bin;C:\Program Files\Amazon Corretto\jdk11.0.12_7\bin;C:\Program Files\Common Files\Oracle\Java\javapath;C:\WINDOWS\system32;C:\WINDOWS;C:\WINDOWS\System32\Wbem;C:\WINDOWS\System32\WindowsPowerShell\v1.0\;C:\WINDOWS\System32\OpenSSH\;C:\Program Files\dotnet\;C:\Users\sopha\Downloads\Compressed\ffmpeg-4.3.1-2020-11-19-essentials_build\ffmpeg-4.3.1-2020-11-19-essentials_build\bin;C:\Users\sopha\AppData\Local\Programs\Python\Python39\Scripts;C:\Program Files\sqlite-tools-win32-x86-3350500\sqlite-tools-win32-x86-3350500;C:\Program Files\Git\cmd;C:\Program Files\nodejs\;C:\Program Files\SourceGear\Common\DiffMerge\;C:\Program Files (x86)\apache-maven-3.8.5\bin;C:\Program Files\Microsoft SQL Server\Client SDK\ODBC\170\Tools\Binn\;C:\Program Files (x86)\Microsoft SQL Server\150\Tools\Binn\;C:\Program Files\Microsoft SQL Server\150\Tools\Binn\;C:\Program Files\Microsoft SQL Server\150\DTS\Binn\;C:\HashiCorp\Vagrant\bin;C:\Users\sopha\Downloads\gradle-8.0.2-all\gradle-8.0.2\bin;C:\Program Files\Java\jdk-17\bin;;C:\Program Files (x86)\Microsoft SQL Server\160\Tools\Binn\;C:\Program Files\Microsoft SQL Server\160\Tools\Binn\;C:\Program Files\Microsoft SQL Server\160\DTS\Binn\;C:\Program Files\Docker\Docker\resources\bin;C:\BC5\BIN;C:\Users\sopha\AppData\Local\Microsoft\WindowsApps;C:\Users\sopha\.dotnet\tools;C:\Program Files\JetBrains2\PyCharm Community Edition 2020.3.2\bin;;C:\Users\sopha\AppData\Local\Programs\Microsoft VS Code\bin;C:\MinGW\bin\C:\Users\sopha\AppData\Roaming\Microsoft\Windows\Start Menu\Programs\Python 3.9;"C:\MinGW\bin;C:\Users\sopha\AppData\Roaming\Microsoft\Windows\Start Menu\Programs\Python 3.9;";C:\Users\sopha\AppData\Local\Programs\Python\Python39;C:\Program Files\heroku\bin;C:\Users\sopha\AppData\Roaming\npm;C:\Program Files\Java\jdk-17\bin;C://UnLockCatch/tools/vcruntime;
USERNAME=Tannkimsour
OS=Windows_NT
PROCESSOR_IDENTIFIER=AMD64 Family 23 Model 96 Stepping 1, AuthenticAMD
TMP=C:\Users\sopha\AppData\Local\Temp
TEMP=C:\Users\sopha\AppData\Local\Temp



---------------  S Y S T E M  ---------------

OS:
 Windows 10 , 64 bit Build 19041 (10.0.19041.3155)
OS uptime: 0 days 12:25 hours
Hyper-V role detected

CPU: total 12 (initial active 12) (12 cores per cpu, 2 threads per core) family 23 model 96 stepping 1 microcode 0x0, cx8, cmov, fxsr, ht, mmx, 3dnowpref, sse, sse2, sse3, ssse3, sse4a, sse4.1, sse4.2, popcnt, lzcnt, tsc, tscinvbit, avx, avx2, aes, clmul, bmi1, bmi2, adx, sha, fma, vzeroupper, clflush, clflushopt, hv

Memory: 4k page, system-wide physical 7579M (269M free)
TotalPageFile size 31131M (AvailPageFile size 6M)
current process WorkingSet (physical memory assigned to process): 16M, peak: 16M
current process commit charge ("private bytes"): 158M, peak: 159M

vm_info: OpenJDK 64-Bit Server VM (17.0.7+7) for windows-amd64 JRE (17.0.7+7), built on Apr 18 2023 22:10:42 by "temurin" with MS VC++ 16.7 (VS2019)

END.
